This file contains any messages produced by compilers while
running configure, to aid debugging if configure makes a mistake.

It was created by configure, which was
generated by GNU Autoconf 2.59.  Invocation command line was

  $ /Users/asher/Projects/Source/adium/Dependencies/source/meanwhile/./configure CFLAGS=-mmacosx-version-min=10.12 -Wl,-syslibroot,/Applications/Xcode.app/Contents/Developer/Platforms/MacOSX.platform/Developer/SDKs/MacOSX.sdk -Wl,-headerpad_max_install_names -I/Users/asher/Projects/Source/adium/Dependencies/build/include -L/Users/asher/Projects/Source/adium/Dependencies/build/lib -arch x86_64 -L/Users/asher/Projects/Source/adium/Dependencies/build/lib LDFLAGS=-fstack-protector -isysroot /Applications/Xcode.app/Contents/Developer/Platforms/MacOSX.platform/Developer/SDKs/MacOSX.sdk -mmacosx-version-min=10.12 -I/Users/asher/Projects/Source/adium/Dependencies/build/include -L/Users/asher/Projects/Source/adium/Dependencies/build/lib -Os -arch x86_64 -I/Users/asher/Projects/Source/adium/Dependencies/build/include/glib-2.0 -I/Users/asher/Projects/Source/adium/Dependencies/build/lib/glib-2.0/include --prefix=/Users/asher/Projects/Source/adium/Dependencies/build --disable-static --enable-shared --disable-doxygen --disable-mailme --disable-dependency-tracking

## --------- ##
## Platform. ##
## --------- ##

hostname = Zero.local
uname -m = x86_64
uname -r = 19.6.0
uname -s = Darwin
uname -v = Darwin Kernel Version 19.6.0: Mon Aug 31 22:12:52 PDT 2020; root:xnu-6153.141.2~1/RELEASE_X86_64

/usr/bin/uname -p = i386
/bin/uname -X     = unknown

/bin/arch              = unknown
/usr/bin/arch -k       = unknown
/usr/convex/getsysinfo = unknown
hostinfo               = Mach kernel version:
	 Darwin Kernel Version 19.6.0: Mon Aug 31 22:12:52 PDT 2020; root:xnu-6153.141.2~1/RELEASE_X86_64
Kernel configured for up to 16 processors.
8 processors are physically available.
16 processors are logically available.
Processor type: x86_64h (Intel x86-64h Haswell)
Processors active: 0 1 2 3 4 5 6 7 8 9 10 11 12 13 14 15
Primary memory available: 64.00 gigabytes
Default processor set: 927 tasks, 5327 threads, 16 processors
Load average: 1.74, Mach factor: 14.24
/bin/machine           = unknown
/usr/bin/oslevel       = unknown
/bin/universe          = unknown

PATH: /Users/asher/bin
PATH: /usr/local/opt/openssl@1.1/bin
PATH: /usr/local/opt/curl/bin
PATH: /Volumes/esp-open-sdk/esp-open-sdk/xtensa-lx106-elf/bin
PATH: /Users/asher/Projects/Source/google-cloud-sdk/bin
PATH: /Users/asher/.rbenv/bin
PATH: /usr/local/sbin
PATH: /usr/local/bin
PATH: /sbin
PATH: /bin
PATH: /usr/sbin
PATH: /usr/bin
PATH: /usr/X11R6/bin
PATH: /Developer/usr/bin
PATH: /Developer/usr/sbin
PATH: /usr/local/Toolchains/LLVM7.0.0git.xctoolchain/usr/bin
PATH: /usr/local/opt/cmake/bin
PATH: /usr/local/gnat/bin
PATH: /Users/asher/.npm-global/bin
PATH: /Users/asher/bin
PATH: /usr/local/opt/openssl@1.1/bin
PATH: /usr/local/opt/curl/bin
PATH: /Volumes/esp-open-sdk/esp-open-sdk/xtensa-lx106-elf/bin
PATH: /Users/asher/Projects/Source/google-cloud-sdk/bin
PATH: /Users/asher/.rbenv/bin
PATH: /usr/local/sbin
PATH: /usr/local/bin
PATH: /sbin
PATH: /bin
PATH: /usr/sbin
PATH: /usr/bin
PATH: /usr/X11R6/bin
PATH: /Developer/usr/bin
PATH: /Developer/usr/sbin
PATH: /usr/local/Toolchains/LLVM7.0.0git.xctoolchain/usr/bin
PATH: /usr/local/opt/cmake/bin
PATH: /usr/local/gnat/bin


## ----------- ##
## Core tests. ##
## ----------- ##

configure:1555: checking for a BSD-compatible install
configure:1610: result: /usr/bin/install -c
configure:1621: checking whether build environment is sane
configure:1664: result: yes
configure:1729: checking for gawk
configure:1758: result: no
configure:1729: checking for mawk
configure:1758: result: no
configure:1729: checking for nawk
configure:1758: result: no
configure:1729: checking for awk
configure:1745: found /usr/bin/awk
configure:1755: result: awk
configure:1765: checking whether make sets $(MAKE)
configure:1785: result: yes
configure:1959: checking whether to enable maintainer-specific portions of Makefiles
configure:1968: result: no
configure:2030: checking for gcc
configure:2056: result: /Applications/Xcode.app/Contents/Developer/Toolchains/XcodeDefault.xctoolchain/usr/bin/clang
configure:2300: checking for C compiler version
configure:2303: /Applications/Xcode.app/Contents/Developer/Toolchains/XcodeDefault.xctoolchain/usr/bin/clang --version </dev/null >&5
Apple clang version 12.0.0 (clang-1200.0.32.29)
Target: x86_64-apple-darwin19.6.0
Thread model: posix
InstalledDir: /Applications/Xcode.app/Contents/Developer/Toolchains/XcodeDefault.xctoolchain/usr/bin
configure:2306: $? = 0
configure:2308: /Applications/Xcode.app/Contents/Developer/Toolchains/XcodeDefault.xctoolchain/usr/bin/clang -v </dev/null >&5
Apple clang version 12.0.0 (clang-1200.0.32.29)
Target: x86_64-apple-darwin19.6.0
Thread model: posix
InstalledDir: /Applications/Xcode.app/Contents/Developer/Toolchains/XcodeDefault.xctoolchain/usr/bin
configure:2311: $? = 0
configure:2313: /Applications/Xcode.app/Contents/Developer/Toolchains/XcodeDefault.xctoolchain/usr/bin/clang -V </dev/null >&5
clang: error: argument to '-V' is missing (expected 1 value)
clang: error: no input files
configure:2316: $? = 1
configure:2339: checking for C compiler default output file name
configure:2342: /Applications/Xcode.app/Contents/Developer/Toolchains/XcodeDefault.xctoolchain/usr/bin/clang -mmacosx-version-min=10.12 -Wl,-syslibroot,/Applications/Xcode.app/Contents/Developer/Platforms/MacOSX.platform/Developer/SDKs/MacOSX.sdk -Wl,-headerpad_max_install_names -I/Users/asher/Projects/Source/adium/Dependencies/build/include -L/Users/asher/Projects/Source/adium/Dependencies/build/lib -arch x86_64 -L/Users/asher/Projects/Source/adium/Dependencies/build/lib  -fstack-protector -isysroot /Applications/Xcode.app/Contents/Developer/Platforms/MacOSX.platform/Developer/SDKs/MacOSX.sdk -mmacosx-version-min=10.12 -I/Users/asher/Projects/Source/adium/Dependencies/build/include -L/Users/asher/Projects/Source/adium/Dependencies/build/lib -Os -arch x86_64 -I/Users/asher/Projects/Source/adium/Dependencies/build/include/glib-2.0 -I/Users/asher/Projects/Source/adium/Dependencies/build/lib/glib-2.0/include conftest.c  >&5
ld: warning: dylib (/usr/local/lib/libunwind.dylib) was built for newer macOS version (10.15) than being linked (10.12)
ld: warning: dylib (/usr/local/lib/libunwind.dylib) was built for newer macOS version (10.15) than being linked (10.12)
configure:2345: $? = 0
configure:2391: result: a.out
configure:2396: checking whether the C compiler works
configure:2402: ./a.out
configure:2405: $? = 0
configure:2422: result: yes
configure:2429: checking whether we are cross compiling
configure:2431: result: no
configure:2434: checking for suffix of executables
configure:2436: /Applications/Xcode.app/Contents/Developer/Toolchains/XcodeDefault.xctoolchain/usr/bin/clang -o conftest -mmacosx-version-min=10.12 -Wl,-syslibroot,/Applications/Xcode.app/Contents/Developer/Platforms/MacOSX.platform/Developer/SDKs/MacOSX.sdk -Wl,-headerpad_max_install_names -I/Users/asher/Projects/Source/adium/Dependencies/build/include -L/Users/asher/Projects/Source/adium/Dependencies/build/lib -arch x86_64 -L/Users/asher/Projects/Source/adium/Dependencies/build/lib  -fstack-protector -isysroot /Applications/Xcode.app/Contents/Developer/Platforms/MacOSX.platform/Developer/SDKs/MacOSX.sdk -mmacosx-version-min=10.12 -I/Users/asher/Projects/Source/adium/Dependencies/build/include -L/Users/asher/Projects/Source/adium/Dependencies/build/lib -Os -arch x86_64 -I/Users/asher/Projects/Source/adium/Dependencies/build/include/glib-2.0 -I/Users/asher/Projects/Source/adium/Dependencies/build/lib/glib-2.0/include conftest.c  >&5
ld: warning: dylib (/usr/local/lib/libunwind.dylib) was built for newer macOS version (10.15) than being linked (10.12)
ld: warning: dylib (/usr/local/lib/libunwind.dylib) was built for newer macOS version (10.15) than being linked (10.12)
configure:2439: $? = 0
configure:2464: result: 
configure:2470: checking for suffix of object files
configure:2491: /Applications/Xcode.app/Contents/Developer/Toolchains/XcodeDefault.xctoolchain/usr/bin/clang -c -mmacosx-version-min=10.12 -Wl,-syslibroot,/Applications/Xcode.app/Contents/Developer/Platforms/MacOSX.platform/Developer/SDKs/MacOSX.sdk -Wl,-headerpad_max_install_names -I/Users/asher/Projects/Source/adium/Dependencies/build/include -L/Users/asher/Projects/Source/adium/Dependencies/build/lib -arch x86_64 -L/Users/asher/Projects/Source/adium/Dependencies/build/lib  conftest.c >&5
clang: warning: -Wl,-syslibroot,/Applications/Xcode.app/Contents/Developer/Platforms/MacOSX.platform/Developer/SDKs/MacOSX.sdk: 'linker' input unused [-Wunused-command-line-argument]
clang: warning: -Wl,-headerpad_max_install_names: 'linker' input unused [-Wunused-command-line-argument]
clang: warning: argument unused during compilation: '-L/Users/asher/Projects/Source/adium/Dependencies/build/lib' [-Wunused-command-line-argument]
clang: warning: argument unused during compilation: '-L/Users/asher/Projects/Source/adium/Dependencies/build/lib' [-Wunused-command-line-argument]
configure:2494: $? = 0
configure:2516: result: o
configure:2520: checking whether we are using the GNU C compiler
configure:2544: /Applications/Xcode.app/Contents/Developer/Toolchains/XcodeDefault.xctoolchain/usr/bin/clang -c -mmacosx-version-min=10.12 -Wl,-syslibroot,/Applications/Xcode.app/Contents/Developer/Platforms/MacOSX.platform/Developer/SDKs/MacOSX.sdk -Wl,-headerpad_max_install_names -I/Users/asher/Projects/Source/adium/Dependencies/build/include -L/Users/asher/Projects/Source/adium/Dependencies/build/lib -arch x86_64 -L/Users/asher/Projects/Source/adium/Dependencies/build/lib  conftest.c >&5
clang: warning: -Wl,-syslibroot,/Applications/Xcode.app/Contents/Developer/Platforms/MacOSX.platform/Developer/SDKs/MacOSX.sdk: 'linker' input unused [-Wunused-command-line-argument]
clang: warning: -Wl,-headerpad_max_install_names: 'linker' input unused [-Wunused-command-line-argument]
clang: warning: argument unused during compilation: '-L/Users/asher/Projects/Source/adium/Dependencies/build/lib' [-Wunused-command-line-argument]
clang: warning: argument unused during compilation: '-L/Users/asher/Projects/Source/adium/Dependencies/build/lib' [-Wunused-command-line-argument]
configure:2550: $? = 0
configure:2554: test -z 
			 || test ! -s conftest.err
configure:2557: $? = 0
configure:2560: test -s conftest.o
configure:2563: $? = 0
configure:2576: result: yes
configure:2582: checking whether /Applications/Xcode.app/Contents/Developer/Toolchains/XcodeDefault.xctoolchain/usr/bin/clang accepts -g
configure:2603: /Applications/Xcode.app/Contents/Developer/Toolchains/XcodeDefault.xctoolchain/usr/bin/clang -c -g  conftest.c >&5
configure:2609: $? = 0
configure:2613: test -z 
			 || test ! -s conftest.err
configure:2616: $? = 0
configure:2619: test -s conftest.o
configure:2622: $? = 0
configure:2633: result: yes
configure:2650: checking for /Applications/Xcode.app/Contents/Developer/Toolchains/XcodeDefault.xctoolchain/usr/bin/clang option to accept ANSI C
configure:2720: /Applications/Xcode.app/Contents/Developer/Toolchains/XcodeDefault.xctoolchain/usr/bin/clang  -c -mmacosx-version-min=10.12 -Wl,-syslibroot,/Applications/Xcode.app/Contents/Developer/Platforms/MacOSX.platform/Developer/SDKs/MacOSX.sdk -Wl,-headerpad_max_install_names -I/Users/asher/Projects/Source/adium/Dependencies/build/include -L/Users/asher/Projects/Source/adium/Dependencies/build/lib -arch x86_64 -L/Users/asher/Projects/Source/adium/Dependencies/build/lib  conftest.c >&5
clang: warning: -Wl,-syslibroot,/Applications/Xcode.app/Contents/Developer/Platforms/MacOSX.platform/Developer/SDKs/MacOSX.sdk: 'linker' input unused [-Wunused-command-line-argument]
clang: warning: -Wl,-headerpad_max_install_names: 'linker' input unused [-Wunused-command-line-argument]
clang: warning: argument unused during compilation: '-L/Users/asher/Projects/Source/adium/Dependencies/build/lib' [-Wunused-command-line-argument]
clang: warning: argument unused during compilation: '-L/Users/asher/Projects/Source/adium/Dependencies/build/lib' [-Wunused-command-line-argument]
conftest.c:12:10: fatal error: 'stdio.h' file not found
#include <stdio.h>
         ^~~~~~~~~
1 error generated.
configure:2726: $? = 1
configure: failed program was:
| /* confdefs.h.  */
| 
| #define PACKAGE_NAME ""
| #define PACKAGE_TARNAME ""
| #define PACKAGE_VERSION ""
| #define PACKAGE_STRING ""
| #define PACKAGE_BUGREPORT ""
| #define PACKAGE "meanwhile"
| #define VERSION "1.0.2"
| /* end confdefs.h.  */
| #include <stdarg.h>
| #include <stdio.h>
| #include <sys/types.h>
| #include <sys/stat.h>
| /* Most of the following tests are stolen from RCS 5.7's src/conf.sh.  */
| struct buf { int x; };
| FILE * (*rcsopen) (struct buf *, struct stat *, int);
| static char *e (p, i)
|      char **p;
|      int i;
| {
|   return p[i];
| }
| static char *f (char * (*g) (char **, int), char **p, ...)
| {
|   char *s;
|   va_list v;
|   va_start (v,p);
|   s = g (p, va_arg (v,int));
|   va_end (v);
|   return s;
| }
| 
| /* OSF 4.0 Compaq cc is some sort of almost-ANSI by default.  It has
|    function prototypes and stuff, but not '\xHH' hex character constants.
|    These don't provoke an error unfortunately, instead are silently treated
|    as 'x'.  The following induces an error, until -std1 is added to get
|    proper ANSI mode.  Curiously '\x00'!='x' always comes out true, for an
|    array size at least.  It's necessary to write '\x00'==0 to get something
|    that's true only with -std1.  */
| int osf4_cc_array ['\x00' == 0 ? 1 : -1];
| 
| int test (int i, double x);
| struct s1 {int (*f) (int a);};
| struct s2 {int (*f) (double a);};
| int pairnames (int, char **, FILE *(*)(struct buf *, struct stat *, int), int, int);
| int argc;
| char **argv;
| int
| main ()
| {
| return f (e, argv, 0) != argv[0]  ||  f (e, argv, 1) != argv[1];
|   ;
|   return 0;
| }
configure:2720: /Applications/Xcode.app/Contents/Developer/Toolchains/XcodeDefault.xctoolchain/usr/bin/clang -qlanglvl=ansi -c -mmacosx-version-min=10.12 -Wl,-syslibroot,/Applications/Xcode.app/Contents/Developer/Platforms/MacOSX.platform/Developer/SDKs/MacOSX.sdk -Wl,-headerpad_max_install_names -I/Users/asher/Projects/Source/adium/Dependencies/build/include -L/Users/asher/Projects/Source/adium/Dependencies/build/lib -arch x86_64 -L/Users/asher/Projects/Source/adium/Dependencies/build/lib  conftest.c >&5
clang: error: unknown argument: '-qlanglvl=ansi'
clang: warning: -Wl,-syslibroot,/Applications/Xcode.app/Contents/Developer/Platforms/MacOSX.platform/Developer/SDKs/MacOSX.sdk: 'linker' input unused [-Wunused-command-line-argument]
clang: warning: -Wl,-headerpad_max_install_names: 'linker' input unused [-Wunused-command-line-argument]
configure:2726: $? = 1
configure: failed program was:
| /* confdefs.h.  */
| 
| #define PACKAGE_NAME ""
| #define PACKAGE_TARNAME ""
| #define PACKAGE_VERSION ""
| #define PACKAGE_STRING ""
| #define PACKAGE_BUGREPORT ""
| #define PACKAGE "meanwhile"
| #define VERSION "1.0.2"
| /* end confdefs.h.  */
| #include <stdarg.h>
| #include <stdio.h>
| #include <sys/types.h>
| #include <sys/stat.h>
| /* Most of the following tests are stolen from RCS 5.7's src/conf.sh.  */
| struct buf { int x; };
| FILE * (*rcsopen) (struct buf *, struct stat *, int);
| static char *e (p, i)
|      char **p;
|      int i;
| {
|   return p[i];
| }
| static char *f (char * (*g) (char **, int), char **p, ...)
| {
|   char *s;
|   va_list v;
|   va_start (v,p);
|   s = g (p, va_arg (v,int));
|   va_end (v);
|   return s;
| }
| 
| /* OSF 4.0 Compaq cc is some sort of almost-ANSI by default.  It has
|    function prototypes and stuff, but not '\xHH' hex character constants.
|    These don't provoke an error unfortunately, instead are silently treated
|    as 'x'.  The following induces an error, until -std1 is added to get
|    proper ANSI mode.  Curiously '\x00'!='x' always comes out true, for an
|    array size at least.  It's necessary to write '\x00'==0 to get something
|    that's true only with -std1.  */
| int osf4_cc_array ['\x00' == 0 ? 1 : -1];
| 
| int test (int i, double x);
| struct s1 {int (*f) (int a);};
| struct s2 {int (*f) (double a);};
| int pairnames (int, char **, FILE *(*)(struct buf *, struct stat *, int), int, int);
| int argc;
| char **argv;
| int
| main ()
| {
| return f (e, argv, 0) != argv[0]  ||  f (e, argv, 1) != argv[1];
|   ;
|   return 0;
| }
configure:2720: /Applications/Xcode.app/Contents/Developer/Toolchains/XcodeDefault.xctoolchain/usr/bin/clang -std1 -c -mmacosx-version-min=10.12 -Wl,-syslibroot,/Applications/Xcode.app/Contents/Developer/Platforms/MacOSX.platform/Developer/SDKs/MacOSX.sdk -Wl,-headerpad_max_install_names -I/Users/asher/Projects/Source/adium/Dependencies/build/include -L/Users/asher/Projects/Source/adium/Dependencies/build/lib -arch x86_64 -L/Users/asher/Projects/Source/adium/Dependencies/build/lib  conftest.c >&5
clang: error: unknown argument: '-std1'
clang: warning: -Wl,-syslibroot,/Applications/Xcode.app/Contents/Developer/Platforms/MacOSX.platform/Developer/SDKs/MacOSX.sdk: 'linker' input unused [-Wunused-command-line-argument]
clang: warning: -Wl,-headerpad_max_install_names: 'linker' input unused [-Wunused-command-line-argument]
configure:2726: $? = 1
configure: failed program was:
| /* confdefs.h.  */
| 
| #define PACKAGE_NAME ""
| #define PACKAGE_TARNAME ""
| #define PACKAGE_VERSION ""
| #define PACKAGE_STRING ""
| #define PACKAGE_BUGREPORT ""
| #define PACKAGE "meanwhile"
| #define VERSION "1.0.2"
| /* end confdefs.h.  */
| #include <stdarg.h>
| #include <stdio.h>
| #include <sys/types.h>
| #include <sys/stat.h>
| /* Most of the following tests are stolen from RCS 5.7's src/conf.sh.  */
| struct buf { int x; };
| FILE * (*rcsopen) (struct buf *, struct stat *, int);
| static char *e (p, i)
|      char **p;
|      int i;
| {
|   return p[i];
| }
| static char *f (char * (*g) (char **, int), char **p, ...)
| {
|   char *s;
|   va_list v;
|   va_start (v,p);
|   s = g (p, va_arg (v,int));
|   va_end (v);
|   return s;
| }
| 
| /* OSF 4.0 Compaq cc is some sort of almost-ANSI by default.  It has
|    function prototypes and stuff, but not '\xHH' hex character constants.
|    These don't provoke an error unfortunately, instead are silently treated
|    as 'x'.  The following induces an error, until -std1 is added to get
|    proper ANSI mode.  Curiously '\x00'!='x' always comes out true, for an
|    array size at least.  It's necessary to write '\x00'==0 to get something
|    that's true only with -std1.  */
| int osf4_cc_array ['\x00' == 0 ? 1 : -1];
| 
| int test (int i, double x);
| struct s1 {int (*f) (int a);};
| struct s2 {int (*f) (double a);};
| int pairnames (int, char **, FILE *(*)(struct buf *, struct stat *, int), int, int);
| int argc;
| char **argv;
| int
| main ()
| {
| return f (e, argv, 0) != argv[0]  ||  f (e, argv, 1) != argv[1];
|   ;
|   return 0;
| }
configure:2720: /Applications/Xcode.app/Contents/Developer/Toolchains/XcodeDefault.xctoolchain/usr/bin/clang -Ae -c -mmacosx-version-min=10.12 -Wl,-syslibroot,/Applications/Xcode.app/Contents/Developer/Platforms/MacOSX.platform/Developer/SDKs/MacOSX.sdk -Wl,-headerpad_max_install_names -I/Users/asher/Projects/Source/adium/Dependencies/build/include -L/Users/asher/Projects/Source/adium/Dependencies/build/lib -arch x86_64 -L/Users/asher/Projects/Source/adium/Dependencies/build/lib  conftest.c >&5
clang: warning: -Wl,-syslibroot,/Applications/Xcode.app/Contents/Developer/Platforms/MacOSX.platform/Developer/SDKs/MacOSX.sdk: 'linker' input unused [-Wunused-command-line-argument]
clang: warning: -Wl,-headerpad_max_install_names: 'linker' input unused [-Wunused-command-line-argument]
clang: warning: argument unused during compilation: '-Ae' [-Wunused-command-line-argument]
clang: warning: argument unused during compilation: '-L/Users/asher/Projects/Source/adium/Dependencies/build/lib' [-Wunused-command-line-argument]
clang: warning: argument unused during compilation: '-L/Users/asher/Projects/Source/adium/Dependencies/build/lib' [-Wunused-command-line-argument]
conftest.c:12:10: fatal error: 'stdio.h' file not found
#include <stdio.h>
         ^~~~~~~~~
1 error generated.
configure:2726: $? = 1
configure: failed program was:
| /* confdefs.h.  */
| 
| #define PACKAGE_NAME ""
| #define PACKAGE_TARNAME ""
| #define PACKAGE_VERSION ""
| #define PACKAGE_STRING ""
| #define PACKAGE_BUGREPORT ""
| #define PACKAGE "meanwhile"
| #define VERSION "1.0.2"
| /* end confdefs.h.  */
| #include <stdarg.h>
| #include <stdio.h>
| #include <sys/types.h>
| #include <sys/stat.h>
| /* Most of the following tests are stolen from RCS 5.7's src/conf.sh.  */
| struct buf { int x; };
| FILE * (*rcsopen) (struct buf *, struct stat *, int);
| static char *e (p, i)
|      char **p;
|      int i;
| {
|   return p[i];
| }
| static char *f (char * (*g) (char **, int), char **p, ...)
| {
|   char *s;
|   va_list v;
|   va_start (v,p);
|   s = g (p, va_arg (v,int));
|   va_end (v);
|   return s;
| }
| 
| /* OSF 4.0 Compaq cc is some sort of almost-ANSI by default.  It has
|    function prototypes and stuff, but not '\xHH' hex character constants.
|    These don't provoke an error unfortunately, instead are silently treated
|    as 'x'.  The following induces an error, until -std1 is added to get
|    proper ANSI mode.  Curiously '\x00'!='x' always comes out true, for an
|    array size at least.  It's necessary to write '\x00'==0 to get something
|    that's true only with -std1.  */
| int osf4_cc_array ['\x00' == 0 ? 1 : -1];
| 
| int test (int i, double x);
| struct s1 {int (*f) (int a);};
| struct s2 {int (*f) (double a);};
| int pairnames (int, char **, FILE *(*)(struct buf *, struct stat *, int), int, int);
| int argc;
| char **argv;
| int
| main ()
| {
| return f (e, argv, 0) != argv[0]  ||  f (e, argv, 1) != argv[1];
|   ;
|   return 0;
| }
configure:2720: /Applications/Xcode.app/Contents/Developer/Toolchains/XcodeDefault.xctoolchain/usr/bin/clang -Aa -D_HPUX_SOURCE -c -mmacosx-version-min=10.12 -Wl,-syslibroot,/Applications/Xcode.app/Contents/Developer/Platforms/MacOSX.platform/Developer/SDKs/MacOSX.sdk -Wl,-headerpad_max_install_names -I/Users/asher/Projects/Source/adium/Dependencies/build/include -L/Users/asher/Projects/Source/adium/Dependencies/build/lib -arch x86_64 -L/Users/asher/Projects/Source/adium/Dependencies/build/lib  conftest.c >&5
clang: warning: -Wl,-syslibroot,/Applications/Xcode.app/Contents/Developer/Platforms/MacOSX.platform/Developer/SDKs/MacOSX.sdk: 'linker' input unused [-Wunused-command-line-argument]
clang: warning: -Wl,-headerpad_max_install_names: 'linker' input unused [-Wunused-command-line-argument]
clang: warning: argument unused during compilation: '-Aa' [-Wunused-command-line-argument]
clang: warning: argument unused during compilation: '-L/Users/asher/Projects/Source/adium/Dependencies/build/lib' [-Wunused-command-line-argument]
clang: warning: argument unused during compilation: '-L/Users/asher/Projects/Source/adium/Dependencies/build/lib' [-Wunused-command-line-argument]
conftest.c:12:10: fatal error: 'stdio.h' file not found
#include <stdio.h>
         ^~~~~~~~~
1 error generated.
configure:2726: $? = 1
configure: failed program was:
| /* confdefs.h.  */
| 
| #define PACKAGE_NAME ""
| #define PACKAGE_TARNAME ""
| #define PACKAGE_VERSION ""
| #define PACKAGE_STRING ""
| #define PACKAGE_BUGREPORT ""
| #define PACKAGE "meanwhile"
| #define VERSION "1.0.2"
| /* end confdefs.h.  */
| #include <stdarg.h>
| #include <stdio.h>
| #include <sys/types.h>
| #include <sys/stat.h>
| /* Most of the following tests are stolen from RCS 5.7's src/conf.sh.  */
| struct buf { int x; };
| FILE * (*rcsopen) (struct buf *, struct stat *, int);
| static char *e (p, i)
|      char **p;
|      int i;
| {
|   return p[i];
| }
| static char *f (char * (*g) (char **, int), char **p, ...)
| {
|   char *s;
|   va_list v;
|   va_start (v,p);
|   s = g (p, va_arg (v,int));
|   va_end (v);
|   return s;
| }
| 
| /* OSF 4.0 Compaq cc is some sort of almost-ANSI by default.  It has
|    function prototypes and stuff, but not '\xHH' hex character constants.
|    These don't provoke an error unfortunately, instead are silently treated
|    as 'x'.  The following induces an error, until -std1 is added to get
|    proper ANSI mode.  Curiously '\x00'!='x' always comes out true, for an
|    array size at least.  It's necessary to write '\x00'==0 to get something
|    that's true only with -std1.  */
| int osf4_cc_array ['\x00' == 0 ? 1 : -1];
| 
| int test (int i, double x);
| struct s1 {int (*f) (int a);};
| struct s2 {int (*f) (double a);};
| int pairnames (int, char **, FILE *(*)(struct buf *, struct stat *, int), int, int);
| int argc;
| char **argv;
| int
| main ()
| {
| return f (e, argv, 0) != argv[0]  ||  f (e, argv, 1) != argv[1];
|   ;
|   return 0;
| }
configure:2720: /Applications/Xcode.app/Contents/Developer/Toolchains/XcodeDefault.xctoolchain/usr/bin/clang -Xc -D__EXTENSIONS__ -c -mmacosx-version-min=10.12 -Wl,-syslibroot,/Applications/Xcode.app/Contents/Developer/Platforms/MacOSX.platform/Developer/SDKs/MacOSX.sdk -Wl,-headerpad_max_install_names -I/Users/asher/Projects/Source/adium/Dependencies/build/include -L/Users/asher/Projects/Source/adium/Dependencies/build/lib -arch x86_64 -L/Users/asher/Projects/Source/adium/Dependencies/build/lib  conftest.c >&5
clang: warning: -Wl,-syslibroot,/Applications/Xcode.app/Contents/Developer/Platforms/MacOSX.platform/Developer/SDKs/MacOSX.sdk: 'linker' input unused [-Wunused-command-line-argument]
clang: warning: -Wl,-headerpad_max_install_names: 'linker' input unused [-Wunused-command-line-argument]
clang: warning: argument unused during compilation: '-Xc' [-Wunused-command-line-argument]
clang: warning: argument unused during compilation: '-L/Users/asher/Projects/Source/adium/Dependencies/build/lib' [-Wunused-command-line-argument]
clang: warning: argument unused during compilation: '-L/Users/asher/Projects/Source/adium/Dependencies/build/lib' [-Wunused-command-line-argument]
conftest.c:12:10: fatal error: 'stdio.h' file not found
#include <stdio.h>
         ^~~~~~~~~
1 error generated.
configure:2726: $? = 1
configure: failed program was:
| /* confdefs.h.  */
| 
| #define PACKAGE_NAME ""
| #define PACKAGE_TARNAME ""
| #define PACKAGE_VERSION ""
| #define PACKAGE_STRING ""
| #define PACKAGE_BUGREPORT ""
| #define PACKAGE "meanwhile"
| #define VERSION "1.0.2"
| /* end confdefs.h.  */
| #include <stdarg.h>
| #include <stdio.h>
| #include <sys/types.h>
| #include <sys/stat.h>
| /* Most of the following tests are stolen from RCS 5.7's src/conf.sh.  */
| struct buf { int x; };
| FILE * (*rcsopen) (struct buf *, struct stat *, int);
| static char *e (p, i)
|      char **p;
|      int i;
| {
|   return p[i];
| }
| static char *f (char * (*g) (char **, int), char **p, ...)
| {
|   char *s;
|   va_list v;
|   va_start (v,p);
|   s = g (p, va_arg (v,int));
|   va_end (v);
|   return s;
| }
| 
| /* OSF 4.0 Compaq cc is some sort of almost-ANSI by default.  It has
|    function prototypes and stuff, but not '\xHH' hex character constants.
|    These don't provoke an error unfortunately, instead are silently treated
|    as 'x'.  The following induces an error, until -std1 is added to get
|    proper ANSI mode.  Curiously '\x00'!='x' always comes out true, for an
|    array size at least.  It's necessary to write '\x00'==0 to get something
|    that's true only with -std1.  */
| int osf4_cc_array ['\x00' == 0 ? 1 : -1];
| 
| int test (int i, double x);
| struct s1 {int (*f) (int a);};
| struct s2 {int (*f) (double a);};
| int pairnames (int, char **, FILE *(*)(struct buf *, struct stat *, int), int, int);
| int argc;
| char **argv;
| int
| main ()
| {
| return f (e, argv, 0) != argv[0]  ||  f (e, argv, 1) != argv[1];
|   ;
|   return 0;
| }
configure:2757: result: none needed
configure:2775: /Applications/Xcode.app/Contents/Developer/Toolchains/XcodeDefault.xctoolchain/usr/bin/clang -c -mmacosx-version-min=10.12 -Wl,-syslibroot,/Applications/Xcode.app/Contents/Developer/Platforms/MacOSX.platform/Developer/SDKs/MacOSX.sdk -Wl,-headerpad_max_install_names -I/Users/asher/Projects/Source/adium/Dependencies/build/include -L/Users/asher/Projects/Source/adium/Dependencies/build/lib -arch x86_64 -L/Users/asher/Projects/Source/adium/Dependencies/build/lib  conftest.c >&5
clang: warning: -Wl,-syslibroot,/Applications/Xcode.app/Contents/Developer/Platforms/MacOSX.platform/Developer/SDKs/MacOSX.sdk: 'linker' input unused [-Wunused-command-line-argument]
clang: warning: -Wl,-headerpad_max_install_names: 'linker' input unused [-Wunused-command-line-argument]
clang: warning: argument unused during compilation: '-L/Users/asher/Projects/Source/adium/Dependencies/build/lib' [-Wunused-command-line-argument]
clang: warning: argument unused during compilation: '-L/Users/asher/Projects/Source/adium/Dependencies/build/lib' [-Wunused-command-line-argument]
conftest.c:2:3: error: unknown type name 'choke'
  choke me
  ^
conftest.c:2:11: error: expected ';' after top level declarator
  choke me
          ^
          ;
2 errors generated.
configure:2781: $? = 1
configure: failed program was:
| #ifndef __cplusplus
|   choke me
| #endif
configure:2925: checking for style of include used by make
configure:2953: result: GNU
configure:2981: checking dependency style of /Applications/Xcode.app/Contents/Developer/Toolchains/XcodeDefault.xctoolchain/usr/bin/clang
configure:3071: result: none
configure:3101: checking for a BSD-compatible install
configure:3156: result: /usr/bin/install -c
configure:3245: checking build system type
configure:3263: result: i686-apple-darwin19.6.0
configure:3271: checking host system type
configure:3285: result: i686-apple-darwin19.6.0
configure:3293: checking for a sed that does not truncate output
configure:3347: result: /usr/bin/sed
configure:3350: checking for egrep
configure:3360: result: grep -E
configure:3376: checking for ld used by /Applications/Xcode.app/Contents/Developer/Toolchains/XcodeDefault.xctoolchain/usr/bin/clang
configure:3443: result: /Applications/Xcode.app/Contents/Developer/Toolchains/XcodeDefault.xctoolchain/usr/bin/ld
configure:3452: checking if the linker (/Applications/Xcode.app/Contents/Developer/Toolchains/XcodeDefault.xctoolchain/usr/bin/ld) is GNU ld
configure:3467: result: no
configure:3472: checking for /Applications/Xcode.app/Contents/Developer/Toolchains/XcodeDefault.xctoolchain/usr/bin/ld option to reload object files
configure:3479: result: -r
configure:3497: checking for BSD-compatible nm
configure:3539: result: /usr/bin/nm -B
configure:3543: checking whether ln -s works
configure:3547: result: yes
configure:3554: checking how to recognise dependent libraries
configure:3726: result: pass_all
configure:3940: checking how to run the C preprocessor
configure:3975: /Applications/Xcode.app/Contents/Developer/Toolchains/XcodeDefault.xctoolchain/usr/bin/clang -E  conftest.c
configure:3981: $? = 0
configure:4013: /Applications/Xcode.app/Contents/Developer/Toolchains/XcodeDefault.xctoolchain/usr/bin/clang -E  conftest.c
conftest.c:11:10: fatal error: 'ac_nonexistent.h' file not found
#include <ac_nonexistent.h>
         ^~~~~~~~~~~~~~~~~~
1 error generated.
configure:4019: $? = 1
configure: failed program was:
| /* confdefs.h.  */
| 
| #define PACKAGE_NAME ""
| #define PACKAGE_TARNAME ""
| #define PACKAGE_VERSION ""
| #define PACKAGE_STRING ""
| #define PACKAGE_BUGREPORT ""
| #define PACKAGE "meanwhile"
| #define VERSION "1.0.2"
| /* end confdefs.h.  */
| #include <ac_nonexistent.h>
configure:4058: result: /Applications/Xcode.app/Contents/Developer/Toolchains/XcodeDefault.xctoolchain/usr/bin/clang -E
configure:4082: /Applications/Xcode.app/Contents/Developer/Toolchains/XcodeDefault.xctoolchain/usr/bin/clang -E  conftest.c
configure:4088: $? = 0
configure:4120: /Applications/Xcode.app/Contents/Developer/Toolchains/XcodeDefault.xctoolchain/usr/bin/clang -E  conftest.c
conftest.c:11:10: fatal error: 'ac_nonexistent.h' file not found
#include <ac_nonexistent.h>
         ^~~~~~~~~~~~~~~~~~
1 error generated.
configure:4126: $? = 1
configure: failed program was:
| /* confdefs.h.  */
| 
| #define PACKAGE_NAME ""
| #define PACKAGE_TARNAME ""
| #define PACKAGE_VERSION ""
| #define PACKAGE_STRING ""
| #define PACKAGE_BUGREPORT ""
| #define PACKAGE "meanwhile"
| #define VERSION "1.0.2"
| /* end confdefs.h.  */
| #include <ac_nonexistent.h>
configure:4170: checking for ANSI C header files
configure:4195: /Applications/Xcode.app/Contents/Developer/Toolchains/XcodeDefault.xctoolchain/usr/bin/clang -c -mmacosx-version-min=10.12 -Wl,-syslibroot,/Applications/Xcode.app/Contents/Developer/Platforms/MacOSX.platform/Developer/SDKs/MacOSX.sdk -Wl,-headerpad_max_install_names -I/Users/asher/Projects/Source/adium/Dependencies/build/include -L/Users/asher/Projects/Source/adium/Dependencies/build/lib -arch x86_64 -L/Users/asher/Projects/Source/adium/Dependencies/build/lib  conftest.c >&5
clang: warning: -Wl,-syslibroot,/Applications/Xcode.app/Contents/Developer/Platforms/MacOSX.platform/Developer/SDKs/MacOSX.sdk: 'linker' input unused [-Wunused-command-line-argument]
clang: warning: -Wl,-headerpad_max_install_names: 'linker' input unused [-Wunused-command-line-argument]
clang: warning: argument unused during compilation: '-L/Users/asher/Projects/Source/adium/Dependencies/build/lib' [-Wunused-command-line-argument]
clang: warning: argument unused during compilation: '-L/Users/asher/Projects/Source/adium/Dependencies/build/lib' [-Wunused-command-line-argument]
conftest.c:11:10: fatal error: 'stdlib.h' file not found
#include <stdlib.h>
         ^~~~~~~~~~
1 error generated.
configure:4201: $? = 1
configure: failed program was:
| /* confdefs.h.  */
| 
| #define PACKAGE_NAME ""
| #define PACKAGE_TARNAME ""
| #define PACKAGE_VERSION ""
| #define PACKAGE_STRING ""
| #define PACKAGE_BUGREPORT ""
| #define PACKAGE "meanwhile"
| #define VERSION "1.0.2"
| /* end confdefs.h.  */
| #include <stdlib.h>
| #include <stdarg.h>
| #include <string.h>
| #include <float.h>
| 
| int
| main ()
| {
| 
|   ;
|   return 0;
| }
configure:4326: result: no
configure:4350: checking for sys/types.h
configure:4366: /Applications/Xcode.app/Contents/Developer/Toolchains/XcodeDefault.xctoolchain/usr/bin/clang -c -mmacosx-version-min=10.12 -Wl,-syslibroot,/Applications/Xcode.app/Contents/Developer/Platforms/MacOSX.platform/Developer/SDKs/MacOSX.sdk -Wl,-headerpad_max_install_names -I/Users/asher/Projects/Source/adium/Dependencies/build/include -L/Users/asher/Projects/Source/adium/Dependencies/build/lib -arch x86_64 -L/Users/asher/Projects/Source/adium/Dependencies/build/lib  conftest.c >&5
clang: warning: -Wl,-syslibroot,/Applications/Xcode.app/Contents/Developer/Platforms/MacOSX.platform/Developer/SDKs/MacOSX.sdk: 'linker' input unused [-Wunused-command-line-argument]
clang: warning: -Wl,-headerpad_max_install_names: 'linker' input unused [-Wunused-command-line-argument]
clang: warning: argument unused during compilation: '-L/Users/asher/Projects/Source/adium/Dependencies/build/lib' [-Wunused-command-line-argument]
clang: warning: argument unused during compilation: '-L/Users/asher/Projects/Source/adium/Dependencies/build/lib' [-Wunused-command-line-argument]
conftest.c:11:10: fatal error: 'stdio.h' file not found
#include <stdio.h>
         ^~~~~~~~~
1 error generated.
configure:4372: $? = 1
configure: failed program was:
| /* confdefs.h.  */
| 
| #define PACKAGE_NAME ""
| #define PACKAGE_TARNAME ""
| #define PACKAGE_VERSION ""
| #define PACKAGE_STRING ""
| #define PACKAGE_BUGREPORT ""
| #define PACKAGE "meanwhile"
| #define VERSION "1.0.2"
| /* end confdefs.h.  */
| #include <stdio.h>
| #if HAVE_SYS_TYPES_H
| # include <sys/types.h>
| #endif
| #if HAVE_SYS_STAT_H
| # include <sys/stat.h>
| #endif
| #if STDC_HEADERS
| # include <stdlib.h>
| # include <stddef.h>
| #else
| # if HAVE_STDLIB_H
| #  include <stdlib.h>
| # endif
| #endif
| #if HAVE_STRING_H
| # if !STDC_HEADERS && HAVE_MEMORY_H
| #  include <memory.h>
| # endif
| # include <string.h>
| #endif
| #if HAVE_STRINGS_H
| # include <strings.h>
| #endif
| #if HAVE_INTTYPES_H
| # include <inttypes.h>
| #else
| # if HAVE_STDINT_H
| #  include <stdint.h>
| # endif
| #endif
| #if HAVE_UNISTD_H
| # include <unistd.h>
| #endif
| 
| #include <sys/types.h>
configure:4396: result: no
configure:4350: checking for sys/stat.h
configure:4366: /Applications/Xcode.app/Contents/Developer/Toolchains/XcodeDefault.xctoolchain/usr/bin/clang -c -mmacosx-version-min=10.12 -Wl,-syslibroot,/Applications/Xcode.app/Contents/Developer/Platforms/MacOSX.platform/Developer/SDKs/MacOSX.sdk -Wl,-headerpad_max_install_names -I/Users/asher/Projects/Source/adium/Dependencies/build/include -L/Users/asher/Projects/Source/adium/Dependencies/build/lib -arch x86_64 -L/Users/asher/Projects/Source/adium/Dependencies/build/lib  conftest.c >&5
clang: warning: -Wl,-syslibroot,/Applications/Xcode.app/Contents/Developer/Platforms/MacOSX.platform/Developer/SDKs/MacOSX.sdk: 'linker' input unused [-Wunused-command-line-argument]
clang: warning: -Wl,-headerpad_max_install_names: 'linker' input unused [-Wunused-command-line-argument]
clang: warning: argument unused during compilation: '-L/Users/asher/Projects/Source/adium/Dependencies/build/lib' [-Wunused-command-line-argument]
clang: warning: argument unused during compilation: '-L/Users/asher/Projects/Source/adium/Dependencies/build/lib' [-Wunused-command-line-argument]
conftest.c:11:10: fatal error: 'stdio.h' file not found
#include <stdio.h>
         ^~~~~~~~~
1 error generated.
configure:4372: $? = 1
configure: failed program was:
| /* confdefs.h.  */
| 
| #define PACKAGE_NAME ""
| #define PACKAGE_TARNAME ""
| #define PACKAGE_VERSION ""
| #define PACKAGE_STRING ""
| #define PACKAGE_BUGREPORT ""
| #define PACKAGE "meanwhile"
| #define VERSION "1.0.2"
| /* end confdefs.h.  */
| #include <stdio.h>
| #if HAVE_SYS_TYPES_H
| # include <sys/types.h>
| #endif
| #if HAVE_SYS_STAT_H
| # include <sys/stat.h>
| #endif
| #if STDC_HEADERS
| # include <stdlib.h>
| # include <stddef.h>
| #else
| # if HAVE_STDLIB_H
| #  include <stdlib.h>
| # endif
| #endif
| #if HAVE_STRING_H
| # if !STDC_HEADERS && HAVE_MEMORY_H
| #  include <memory.h>
| # endif
| # include <string.h>
| #endif
| #if HAVE_STRINGS_H
| # include <strings.h>
| #endif
| #if HAVE_INTTYPES_H
| # include <inttypes.h>
| #else
| # if HAVE_STDINT_H
| #  include <stdint.h>
| # endif
| #endif
| #if HAVE_UNISTD_H
| # include <unistd.h>
| #endif
| 
| #include <sys/stat.h>
configure:4396: result: no
configure:4350: checking for stdlib.h
configure:4366: /Applications/Xcode.app/Contents/Developer/Toolchains/XcodeDefault.xctoolchain/usr/bin/clang -c -mmacosx-version-min=10.12 -Wl,-syslibroot,/Applications/Xcode.app/Contents/Developer/Platforms/MacOSX.platform/Developer/SDKs/MacOSX.sdk -Wl,-headerpad_max_install_names -I/Users/asher/Projects/Source/adium/Dependencies/build/include -L/Users/asher/Projects/Source/adium/Dependencies/build/lib -arch x86_64 -L/Users/asher/Projects/Source/adium/Dependencies/build/lib  conftest.c >&5
clang: warning: -Wl,-syslibroot,/Applications/Xcode.app/Contents/Developer/Platforms/MacOSX.platform/Developer/SDKs/MacOSX.sdk: 'linker' input unused [-Wunused-command-line-argument]
clang: warning: -Wl,-headerpad_max_install_names: 'linker' input unused [-Wunused-command-line-argument]
clang: warning: argument unused during compilation: '-L/Users/asher/Projects/Source/adium/Dependencies/build/lib' [-Wunused-command-line-argument]
clang: warning: argument unused during compilation: '-L/Users/asher/Projects/Source/adium/Dependencies/build/lib' [-Wunused-command-line-argument]
conftest.c:11:10: fatal error: 'stdio.h' file not found
#include <stdio.h>
         ^~~~~~~~~
1 error generated.
configure:4372: $? = 1
configure: failed program was:
| /* confdefs.h.  */
| 
| #define PACKAGE_NAME ""
| #define PACKAGE_TARNAME ""
| #define PACKAGE_VERSION ""
| #define PACKAGE_STRING ""
| #define PACKAGE_BUGREPORT ""
| #define PACKAGE "meanwhile"
| #define VERSION "1.0.2"
| /* end confdefs.h.  */
| #include <stdio.h>
| #if HAVE_SYS_TYPES_H
| # include <sys/types.h>
| #endif
| #if HAVE_SYS_STAT_H
| # include <sys/stat.h>
| #endif
| #if STDC_HEADERS
| # include <stdlib.h>
| # include <stddef.h>
| #else
| # if HAVE_STDLIB_H
| #  include <stdlib.h>
| # endif
| #endif
| #if HAVE_STRING_H
| # if !STDC_HEADERS && HAVE_MEMORY_H
| #  include <memory.h>
| # endif
| # include <string.h>
| #endif
| #if HAVE_STRINGS_H
| # include <strings.h>
| #endif
| #if HAVE_INTTYPES_H
| # include <inttypes.h>
| #else
| # if HAVE_STDINT_H
| #  include <stdint.h>
| # endif
| #endif
| #if HAVE_UNISTD_H
| # include <unistd.h>
| #endif
| 
| #include <stdlib.h>
configure:4396: result: no
configure:4350: checking for string.h
configure:4366: /Applications/Xcode.app/Contents/Developer/Toolchains/XcodeDefault.xctoolchain/usr/bin/clang -c -mmacosx-version-min=10.12 -Wl,-syslibroot,/Applications/Xcode.app/Contents/Developer/Platforms/MacOSX.platform/Developer/SDKs/MacOSX.sdk -Wl,-headerpad_max_install_names -I/Users/asher/Projects/Source/adium/Dependencies/build/include -L/Users/asher/Projects/Source/adium/Dependencies/build/lib -arch x86_64 -L/Users/asher/Projects/Source/adium/Dependencies/build/lib  conftest.c >&5
clang: warning: -Wl,-syslibroot,/Applications/Xcode.app/Contents/Developer/Platforms/MacOSX.platform/Developer/SDKs/MacOSX.sdk: 'linker' input unused [-Wunused-command-line-argument]
clang: warning: -Wl,-headerpad_max_install_names: 'linker' input unused [-Wunused-command-line-argument]
clang: warning: argument unused during compilation: '-L/Users/asher/Projects/Source/adium/Dependencies/build/lib' [-Wunused-command-line-argument]
clang: warning: argument unused during compilation: '-L/Users/asher/Projects/Source/adium/Dependencies/build/lib' [-Wunused-command-line-argument]
conftest.c:11:10: fatal error: 'stdio.h' file not found
#include <stdio.h>
         ^~~~~~~~~
1 error generated.
configure:4372: $? = 1
configure: failed program was:
| /* confdefs.h.  */
| 
| #define PACKAGE_NAME ""
| #define PACKAGE_TARNAME ""
| #define PACKAGE_VERSION ""
| #define PACKAGE_STRING ""
| #define PACKAGE_BUGREPORT ""
| #define PACKAGE "meanwhile"
| #define VERSION "1.0.2"
| /* end confdefs.h.  */
| #include <stdio.h>
| #if HAVE_SYS_TYPES_H
| # include <sys/types.h>
| #endif
| #if HAVE_SYS_STAT_H
| # include <sys/stat.h>
| #endif
| #if STDC_HEADERS
| # include <stdlib.h>
| # include <stddef.h>
| #else
| # if HAVE_STDLIB_H
| #  include <stdlib.h>
| # endif
| #endif
| #if HAVE_STRING_H
| # if !STDC_HEADERS && HAVE_MEMORY_H
| #  include <memory.h>
| # endif
| # include <string.h>
| #endif
| #if HAVE_STRINGS_H
| # include <strings.h>
| #endif
| #if HAVE_INTTYPES_H
| # include <inttypes.h>
| #else
| # if HAVE_STDINT_H
| #  include <stdint.h>
| # endif
| #endif
| #if HAVE_UNISTD_H
| # include <unistd.h>
| #endif
| 
| #include <string.h>
configure:4396: result: no
configure:4350: checking for memory.h
configure:4366: /Applications/Xcode.app/Contents/Developer/Toolchains/XcodeDefault.xctoolchain/usr/bin/clang -c -mmacosx-version-min=10.12 -Wl,-syslibroot,/Applications/Xcode.app/Contents/Developer/Platforms/MacOSX.platform/Developer/SDKs/MacOSX.sdk -Wl,-headerpad_max_install_names -I/Users/asher/Projects/Source/adium/Dependencies/build/include -L/Users/asher/Projects/Source/adium/Dependencies/build/lib -arch x86_64 -L/Users/asher/Projects/Source/adium/Dependencies/build/lib  conftest.c >&5
clang: warning: -Wl,-syslibroot,/Applications/Xcode.app/Contents/Developer/Platforms/MacOSX.platform/Developer/SDKs/MacOSX.sdk: 'linker' input unused [-Wunused-command-line-argument]
clang: warning: -Wl,-headerpad_max_install_names: 'linker' input unused [-Wunused-command-line-argument]
clang: warning: argument unused during compilation: '-L/Users/asher/Projects/Source/adium/Dependencies/build/lib' [-Wunused-command-line-argument]
clang: warning: argument unused during compilation: '-L/Users/asher/Projects/Source/adium/Dependencies/build/lib' [-Wunused-command-line-argument]
conftest.c:11:10: fatal error: 'stdio.h' file not found
#include <stdio.h>
         ^~~~~~~~~
1 error generated.
configure:4372: $? = 1
configure: failed program was:
| /* confdefs.h.  */
| 
| #define PACKAGE_NAME ""
| #define PACKAGE_TARNAME ""
| #define PACKAGE_VERSION ""
| #define PACKAGE_STRING ""
| #define PACKAGE_BUGREPORT ""
| #define PACKAGE "meanwhile"
| #define VERSION "1.0.2"
| /* end confdefs.h.  */
| #include <stdio.h>
| #if HAVE_SYS_TYPES_H
| # include <sys/types.h>
| #endif
| #if HAVE_SYS_STAT_H
| # include <sys/stat.h>
| #endif
| #if STDC_HEADERS
| # include <stdlib.h>
| # include <stddef.h>
| #else
| # if HAVE_STDLIB_H
| #  include <stdlib.h>
| # endif
| #endif
| #if HAVE_STRING_H
| # if !STDC_HEADERS && HAVE_MEMORY_H
| #  include <memory.h>
| # endif
| # include <string.h>
| #endif
| #if HAVE_STRINGS_H
| # include <strings.h>
| #endif
| #if HAVE_INTTYPES_H
| # include <inttypes.h>
| #else
| # if HAVE_STDINT_H
| #  include <stdint.h>
| # endif
| #endif
| #if HAVE_UNISTD_H
| # include <unistd.h>
| #endif
| 
| #include <memory.h>
configure:4396: result: no
configure:4350: checking for strings.h
configure:4366: /Applications/Xcode.app/Contents/Developer/Toolchains/XcodeDefault.xctoolchain/usr/bin/clang -c -mmacosx-version-min=10.12 -Wl,-syslibroot,/Applications/Xcode.app/Contents/Developer/Platforms/MacOSX.platform/Developer/SDKs/MacOSX.sdk -Wl,-headerpad_max_install_names -I/Users/asher/Projects/Source/adium/Dependencies/build/include -L/Users/asher/Projects/Source/adium/Dependencies/build/lib -arch x86_64 -L/Users/asher/Projects/Source/adium/Dependencies/build/lib  conftest.c >&5
clang: warning: -Wl,-syslibroot,/Applications/Xcode.app/Contents/Developer/Platforms/MacOSX.platform/Developer/SDKs/MacOSX.sdk: 'linker' input unused [-Wunused-command-line-argument]
clang: warning: -Wl,-headerpad_max_install_names: 'linker' input unused [-Wunused-command-line-argument]
clang: warning: argument unused during compilation: '-L/Users/asher/Projects/Source/adium/Dependencies/build/lib' [-Wunused-command-line-argument]
clang: warning: argument unused during compilation: '-L/Users/asher/Projects/Source/adium/Dependencies/build/lib' [-Wunused-command-line-argument]
conftest.c:11:10: fatal error: 'stdio.h' file not found
#include <stdio.h>
         ^~~~~~~~~
1 error generated.
configure:4372: $? = 1
configure: failed program was:
| /* confdefs.h.  */
| 
| #define PACKAGE_NAME ""
| #define PACKAGE_TARNAME ""
| #define PACKAGE_VERSION ""
| #define PACKAGE_STRING ""
| #define PACKAGE_BUGREPORT ""
| #define PACKAGE "meanwhile"
| #define VERSION "1.0.2"
| /* end confdefs.h.  */
| #include <stdio.h>
| #if HAVE_SYS_TYPES_H
| # include <sys/types.h>
| #endif
| #if HAVE_SYS_STAT_H
| # include <sys/stat.h>
| #endif
| #if STDC_HEADERS
| # include <stdlib.h>
| # include <stddef.h>
| #else
| # if HAVE_STDLIB_H
| #  include <stdlib.h>
| # endif
| #endif
| #if HAVE_STRING_H
| # if !STDC_HEADERS && HAVE_MEMORY_H
| #  include <memory.h>
| # endif
| # include <string.h>
| #endif
| #if HAVE_STRINGS_H
| # include <strings.h>
| #endif
| #if HAVE_INTTYPES_H
| # include <inttypes.h>
| #else
| # if HAVE_STDINT_H
| #  include <stdint.h>
| # endif
| #endif
| #if HAVE_UNISTD_H
| # include <unistd.h>
| #endif
| 
| #include <strings.h>
configure:4396: result: no
configure:4350: checking for inttypes.h
configure:4366: /Applications/Xcode.app/Contents/Developer/Toolchains/XcodeDefault.xctoolchain/usr/bin/clang -c -mmacosx-version-min=10.12 -Wl,-syslibroot,/Applications/Xcode.app/Contents/Developer/Platforms/MacOSX.platform/Developer/SDKs/MacOSX.sdk -Wl,-headerpad_max_install_names -I/Users/asher/Projects/Source/adium/Dependencies/build/include -L/Users/asher/Projects/Source/adium/Dependencies/build/lib -arch x86_64 -L/Users/asher/Projects/Source/adium/Dependencies/build/lib  conftest.c >&5
clang: warning: -Wl,-syslibroot,/Applications/Xcode.app/Contents/Developer/Platforms/MacOSX.platform/Developer/SDKs/MacOSX.sdk: 'linker' input unused [-Wunused-command-line-argument]
clang: warning: -Wl,-headerpad_max_install_names: 'linker' input unused [-Wunused-command-line-argument]
clang: warning: argument unused during compilation: '-L/Users/asher/Projects/Source/adium/Dependencies/build/lib' [-Wunused-command-line-argument]
clang: warning: argument unused during compilation: '-L/Users/asher/Projects/Source/adium/Dependencies/build/lib' [-Wunused-command-line-argument]
conftest.c:11:10: fatal error: 'stdio.h' file not found
#include <stdio.h>
         ^~~~~~~~~
1 error generated.
configure:4372: $? = 1
configure: failed program was:
| /* confdefs.h.  */
| 
| #define PACKAGE_NAME ""
| #define PACKAGE_TARNAME ""
| #define PACKAGE_VERSION ""
| #define PACKAGE_STRING ""
| #define PACKAGE_BUGREPORT ""
| #define PACKAGE "meanwhile"
| #define VERSION "1.0.2"
| /* end confdefs.h.  */
| #include <stdio.h>
| #if HAVE_SYS_TYPES_H
| # include <sys/types.h>
| #endif
| #if HAVE_SYS_STAT_H
| # include <sys/stat.h>
| #endif
| #if STDC_HEADERS
| # include <stdlib.h>
| # include <stddef.h>
| #else
| # if HAVE_STDLIB_H
| #  include <stdlib.h>
| # endif
| #endif
| #if HAVE_STRING_H
| # if !STDC_HEADERS && HAVE_MEMORY_H
| #  include <memory.h>
| # endif
| # include <string.h>
| #endif
| #if HAVE_STRINGS_H
| # include <strings.h>
| #endif
| #if HAVE_INTTYPES_H
| # include <inttypes.h>
| #else
| # if HAVE_STDINT_H
| #  include <stdint.h>
| # endif
| #endif
| #if HAVE_UNISTD_H
| # include <unistd.h>
| #endif
| 
| #include <inttypes.h>
configure:4396: result: no
configure:4350: checking for stdint.h
configure:4366: /Applications/Xcode.app/Contents/Developer/Toolchains/XcodeDefault.xctoolchain/usr/bin/clang -c -mmacosx-version-min=10.12 -Wl,-syslibroot,/Applications/Xcode.app/Contents/Developer/Platforms/MacOSX.platform/Developer/SDKs/MacOSX.sdk -Wl,-headerpad_max_install_names -I/Users/asher/Projects/Source/adium/Dependencies/build/include -L/Users/asher/Projects/Source/adium/Dependencies/build/lib -arch x86_64 -L/Users/asher/Projects/Source/adium/Dependencies/build/lib  conftest.c >&5
clang: warning: -Wl,-syslibroot,/Applications/Xcode.app/Contents/Developer/Platforms/MacOSX.platform/Developer/SDKs/MacOSX.sdk: 'linker' input unused [-Wunused-command-line-argument]
clang: warning: -Wl,-headerpad_max_install_names: 'linker' input unused [-Wunused-command-line-argument]
clang: warning: argument unused during compilation: '-L/Users/asher/Projects/Source/adium/Dependencies/build/lib' [-Wunused-command-line-argument]
clang: warning: argument unused during compilation: '-L/Users/asher/Projects/Source/adium/Dependencies/build/lib' [-Wunused-command-line-argument]
conftest.c:11:10: fatal error: 'stdio.h' file not found
#include <stdio.h>
         ^~~~~~~~~
1 error generated.
configure:4372: $? = 1
configure: failed program was:
| /* confdefs.h.  */
| 
| #define PACKAGE_NAME ""
| #define PACKAGE_TARNAME ""
| #define PACKAGE_VERSION ""
| #define PACKAGE_STRING ""
| #define PACKAGE_BUGREPORT ""
| #define PACKAGE "meanwhile"
| #define VERSION "1.0.2"
| /* end confdefs.h.  */
| #include <stdio.h>
| #if HAVE_SYS_TYPES_H
| # include <sys/types.h>
| #endif
| #if HAVE_SYS_STAT_H
| # include <sys/stat.h>
| #endif
| #if STDC_HEADERS
| # include <stdlib.h>
| # include <stddef.h>
| #else
| # if HAVE_STDLIB_H
| #  include <stdlib.h>
| # endif
| #endif
| #if HAVE_STRING_H
| # if !STDC_HEADERS && HAVE_MEMORY_H
| #  include <memory.h>
| # endif
| # include <string.h>
| #endif
| #if HAVE_STRINGS_H
| # include <strings.h>
| #endif
| #if HAVE_INTTYPES_H
| # include <inttypes.h>
| #else
| # if HAVE_STDINT_H
| #  include <stdint.h>
| # endif
| #endif
| #if HAVE_UNISTD_H
| # include <unistd.h>
| #endif
| 
| #include <stdint.h>
configure:4396: result: no
configure:4350: checking for unistd.h
configure:4366: /Applications/Xcode.app/Contents/Developer/Toolchains/XcodeDefault.xctoolchain/usr/bin/clang -c -mmacosx-version-min=10.12 -Wl,-syslibroot,/Applications/Xcode.app/Contents/Developer/Platforms/MacOSX.platform/Developer/SDKs/MacOSX.sdk -Wl,-headerpad_max_install_names -I/Users/asher/Projects/Source/adium/Dependencies/build/include -L/Users/asher/Projects/Source/adium/Dependencies/build/lib -arch x86_64 -L/Users/asher/Projects/Source/adium/Dependencies/build/lib  conftest.c >&5
clang: warning: -Wl,-syslibroot,/Applications/Xcode.app/Contents/Developer/Platforms/MacOSX.platform/Developer/SDKs/MacOSX.sdk: 'linker' input unused [-Wunused-command-line-argument]
clang: warning: -Wl,-headerpad_max_install_names: 'linker' input unused [-Wunused-command-line-argument]
clang: warning: argument unused during compilation: '-L/Users/asher/Projects/Source/adium/Dependencies/build/lib' [-Wunused-command-line-argument]
clang: warning: argument unused during compilation: '-L/Users/asher/Projects/Source/adium/Dependencies/build/lib' [-Wunused-command-line-argument]
conftest.c:11:10: fatal error: 'stdio.h' file not found
#include <stdio.h>
         ^~~~~~~~~
1 error generated.
configure:4372: $? = 1
configure: failed program was:
| /* confdefs.h.  */
| 
| #define PACKAGE_NAME ""
| #define PACKAGE_TARNAME ""
| #define PACKAGE_VERSION ""
| #define PACKAGE_STRING ""
| #define PACKAGE_BUGREPORT ""
| #define PACKAGE "meanwhile"
| #define VERSION "1.0.2"
| /* end confdefs.h.  */
| #include <stdio.h>
| #if HAVE_SYS_TYPES_H
| # include <sys/types.h>
| #endif
| #if HAVE_SYS_STAT_H
| # include <sys/stat.h>
| #endif
| #if STDC_HEADERS
| # include <stdlib.h>
| # include <stddef.h>
| #else
| # if HAVE_STDLIB_H
| #  include <stdlib.h>
| # endif
| #endif
| #if HAVE_STRING_H
| # if !STDC_HEADERS && HAVE_MEMORY_H
| #  include <memory.h>
| # endif
| # include <string.h>
| #endif
| #if HAVE_STRINGS_H
| # include <strings.h>
| #endif
| #if HAVE_INTTYPES_H
| # include <inttypes.h>
| #else
| # if HAVE_STDINT_H
| #  include <stdint.h>
| # endif
| #endif
| #if HAVE_UNISTD_H
| # include <unistd.h>
| #endif
| 
| #include <unistd.h>
configure:4396: result: no
configure:4422: checking dlfcn.h usability
configure:4434: /Applications/Xcode.app/Contents/Developer/Toolchains/XcodeDefault.xctoolchain/usr/bin/clang -c -mmacosx-version-min=10.12 -Wl,-syslibroot,/Applications/Xcode.app/Contents/Developer/Platforms/MacOSX.platform/Developer/SDKs/MacOSX.sdk -Wl,-headerpad_max_install_names -I/Users/asher/Projects/Source/adium/Dependencies/build/include -L/Users/asher/Projects/Source/adium/Dependencies/build/lib -arch x86_64 -L/Users/asher/Projects/Source/adium/Dependencies/build/lib  conftest.c >&5
clang: warning: -Wl,-syslibroot,/Applications/Xcode.app/Contents/Developer/Platforms/MacOSX.platform/Developer/SDKs/MacOSX.sdk: 'linker' input unused [-Wunused-command-line-argument]
clang: warning: -Wl,-headerpad_max_install_names: 'linker' input unused [-Wunused-command-line-argument]
clang: warning: argument unused during compilation: '-L/Users/asher/Projects/Source/adium/Dependencies/build/lib' [-Wunused-command-line-argument]
clang: warning: argument unused during compilation: '-L/Users/asher/Projects/Source/adium/Dependencies/build/lib' [-Wunused-command-line-argument]
conftest.c:11:10: fatal error: 'stdio.h' file not found
#include <stdio.h>
         ^~~~~~~~~
1 error generated.
configure:4440: $? = 1
configure: failed program was:
| /* confdefs.h.  */
| 
| #define PACKAGE_NAME ""
| #define PACKAGE_TARNAME ""
| #define PACKAGE_VERSION ""
| #define PACKAGE_STRING ""
| #define PACKAGE_BUGREPORT ""
| #define PACKAGE "meanwhile"
| #define VERSION "1.0.2"
| /* end confdefs.h.  */
| #include <stdio.h>
| #if HAVE_SYS_TYPES_H
| # include <sys/types.h>
| #endif
| #if HAVE_SYS_STAT_H
| # include <sys/stat.h>
| #endif
| #if STDC_HEADERS
| # include <stdlib.h>
| # include <stddef.h>
| #else
| # if HAVE_STDLIB_H
| #  include <stdlib.h>
| # endif
| #endif
| #if HAVE_STRING_H
| # if !STDC_HEADERS && HAVE_MEMORY_H
| #  include <memory.h>
| # endif
| # include <string.h>
| #endif
| #if HAVE_STRINGS_H
| # include <strings.h>
| #endif
| #if HAVE_INTTYPES_H
| # include <inttypes.h>
| #else
| # if HAVE_STDINT_H
| #  include <stdint.h>
| # endif
| #endif
| #if HAVE_UNISTD_H
| # include <unistd.h>
| #endif
| #include <dlfcn.h>
configure:4463: result: no
configure:4467: checking dlfcn.h presence
configure:4477: /Applications/Xcode.app/Contents/Developer/Toolchains/XcodeDefault.xctoolchain/usr/bin/clang -E  conftest.c
conftest.c:11:10: fatal error: 'dlfcn.h' file not found
#include <dlfcn.h>
         ^~~~~~~~~
1 error generated.
configure:4483: $? = 1
configure: failed program was:
| /* confdefs.h.  */
| 
| #define PACKAGE_NAME ""
| #define PACKAGE_TARNAME ""
| #define PACKAGE_VERSION ""
| #define PACKAGE_STRING ""
| #define PACKAGE_BUGREPORT ""
| #define PACKAGE "meanwhile"
| #define VERSION "1.0.2"
| /* end confdefs.h.  */
| #include <dlfcn.h>
configure:4503: result: no
configure:4538: checking for dlfcn.h
configure:4545: result: no
configure:4652: checking for C++ compiler version
configure:4655: /Applications/Xcode.app/Contents/Developer/Toolchains/XcodeDefault.xctoolchain/usr/bin/clang++ --version </dev/null >&5
Apple clang version 12.0.0 (clang-1200.0.32.29)
Target: x86_64-apple-darwin19.6.0
Thread model: posix
InstalledDir: /Applications/Xcode.app/Contents/Developer/Toolchains/XcodeDefault.xctoolchain/usr/bin
configure:4658: $? = 0
configure:4660: /Applications/Xcode.app/Contents/Developer/Toolchains/XcodeDefault.xctoolchain/usr/bin/clang++ -v </dev/null >&5
Apple clang version 12.0.0 (clang-1200.0.32.29)
Target: x86_64-apple-darwin19.6.0
Thread model: posix
InstalledDir: /Applications/Xcode.app/Contents/Developer/Toolchains/XcodeDefault.xctoolchain/usr/bin
configure:4663: $? = 0
configure:4665: /Applications/Xcode.app/Contents/Developer/Toolchains/XcodeDefault.xctoolchain/usr/bin/clang++ -V </dev/null >&5
clang: error: argument to '-V' is missing (expected 1 value)
clang: error: no input files
configure:4668: $? = 1
configure:4671: checking whether we are using the GNU C++ compiler
configure:4695: /Applications/Xcode.app/Contents/Developer/Toolchains/XcodeDefault.xctoolchain/usr/bin/clang++ -c   conftest.cc >&5
configure:4701: $? = 0
configure:4705: test -z 
			 || test ! -s conftest.err
configure:4708: $? = 0
configure:4711: test -s conftest.o
configure:4714: $? = 0
configure:4727: result: yes
configure:4733: checking whether /Applications/Xcode.app/Contents/Developer/Toolchains/XcodeDefault.xctoolchain/usr/bin/clang++ accepts -g
configure:4754: /Applications/Xcode.app/Contents/Developer/Toolchains/XcodeDefault.xctoolchain/usr/bin/clang++ -c -g  conftest.cc >&5
configure:4760: $? = 0
configure:4764: test -z 
			 || test ! -s conftest.err
configure:4767: $? = 0
configure:4770: test -s conftest.o
configure:4773: $? = 0
configure:4784: result: yes
configure:4826: /Applications/Xcode.app/Contents/Developer/Toolchains/XcodeDefault.xctoolchain/usr/bin/clang++ -c -g -O2  conftest.cc >&5
In file included from conftest.cc:12:
/Applications/Xcode.app/Contents/Developer/Toolchains/XcodeDefault.xctoolchain/usr/bin/../include/c++/v1/stdlib.h:97:15: fatal error: 'stdlib.h' file not found
#include_next <stdlib.h>
              ^~~~~~~~~~
1 error generated.
configure:4832: $? = 1
configure: failed program was:
| /* confdefs.h.  */
| 
| #define PACKAGE_NAME ""
| #define PACKAGE_TARNAME ""
| #define PACKAGE_VERSION ""
| #define PACKAGE_STRING ""
| #define PACKAGE_BUGREPORT ""
| #define PACKAGE "meanwhile"
| #define VERSION "1.0.2"
| /* end confdefs.h.  */
| 
| #include <stdlib.h>
| int
| main ()
| {
| exit (42);
|   ;
|   return 0;
| }
configure:4826: /Applications/Xcode.app/Contents/Developer/Toolchains/XcodeDefault.xctoolchain/usr/bin/clang++ -c -g -O2  conftest.cc >&5
conftest.cc:11:17: error: use of undeclared identifier 'std'
extern "C" void std::exit (int) throw (); using std::exit;
                ^
conftest.cc:11:49: error: use of undeclared identifier 'std'
extern "C" void std::exit (int) throw (); using std::exit;
                                                ^
In file included from conftest.cc:12:
/Applications/Xcode.app/Contents/Developer/Toolchains/XcodeDefault.xctoolchain/usr/bin/../include/c++/v1/stdlib.h:97:15: fatal error: 'stdlib.h' file not found
#include_next <stdlib.h>
              ^~~~~~~~~~
3 errors generated.
configure:4832: $? = 1
configure: failed program was:
| /* confdefs.h.  */
| 
| #define PACKAGE_NAME ""
| #define PACKAGE_TARNAME ""
| #define PACKAGE_VERSION ""
| #define PACKAGE_STRING ""
| #define PACKAGE_BUGREPORT ""
| #define PACKAGE "meanwhile"
| #define VERSION "1.0.2"
| /* end confdefs.h.  */
| extern "C" void std::exit (int) throw (); using std::exit;
| #include <stdlib.h>
| int
| main ()
| {
| exit (42);
|   ;
|   return 0;
| }
configure:4826: /Applications/Xcode.app/Contents/Developer/Toolchains/XcodeDefault.xctoolchain/usr/bin/clang++ -c -g -O2  conftest.cc >&5
conftest.cc:11:17: error: use of undeclared identifier 'std'
extern "C" void std::exit (int); using std::exit;
                ^
conftest.cc:11:40: error: use of undeclared identifier 'std'
extern "C" void std::exit (int); using std::exit;
                                       ^
In file included from conftest.cc:12:
/Applications/Xcode.app/Contents/Developer/Toolchains/XcodeDefault.xctoolchain/usr/bin/../include/c++/v1/stdlib.h:97:15: fatal error: 'stdlib.h' file not found
#include_next <stdlib.h>
              ^~~~~~~~~~
3 errors generated.
configure:4832: $? = 1
configure: failed program was:
| /* confdefs.h.  */
| 
| #define PACKAGE_NAME ""
| #define PACKAGE_TARNAME ""
| #define PACKAGE_VERSION ""
| #define PACKAGE_STRING ""
| #define PACKAGE_BUGREPORT ""
| #define PACKAGE "meanwhile"
| #define VERSION "1.0.2"
| /* end confdefs.h.  */
| extern "C" void std::exit (int); using std::exit;
| #include <stdlib.h>
| int
| main ()
| {
| exit (42);
|   ;
|   return 0;
| }
configure:4826: /Applications/Xcode.app/Contents/Developer/Toolchains/XcodeDefault.xctoolchain/usr/bin/clang++ -c -g -O2  conftest.cc >&5
In file included from conftest.cc:12:
/Applications/Xcode.app/Contents/Developer/Toolchains/XcodeDefault.xctoolchain/usr/bin/../include/c++/v1/stdlib.h:97:15: fatal error: 'stdlib.h' file not found
#include_next <stdlib.h>
              ^~~~~~~~~~
1 error generated.
configure:4832: $? = 1
configure: failed program was:
| /* confdefs.h.  */
| 
| #define PACKAGE_NAME ""
| #define PACKAGE_TARNAME ""
| #define PACKAGE_VERSION ""
| #define PACKAGE_STRING ""
| #define PACKAGE_BUGREPORT ""
| #define PACKAGE "meanwhile"
| #define VERSION "1.0.2"
| /* end confdefs.h.  */
| extern "C" void exit (int) throw ();
| #include <stdlib.h>
| int
| main ()
| {
| exit (42);
|   ;
|   return 0;
| }
configure:4826: /Applications/Xcode.app/Contents/Developer/Toolchains/XcodeDefault.xctoolchain/usr/bin/clang++ -c -g -O2  conftest.cc >&5
In file included from conftest.cc:12:
/Applications/Xcode.app/Contents/Developer/Toolchains/XcodeDefault.xctoolchain/usr/bin/../include/c++/v1/stdlib.h:97:15: fatal error: 'stdlib.h' file not found
#include_next <stdlib.h>
              ^~~~~~~~~~
1 error generated.
configure:4832: $? = 1
configure: failed program was:
| /* confdefs.h.  */
| 
| #define PACKAGE_NAME ""
| #define PACKAGE_TARNAME ""
| #define PACKAGE_VERSION ""
| #define PACKAGE_STRING ""
| #define PACKAGE_BUGREPORT ""
| #define PACKAGE "meanwhile"
| #define VERSION "1.0.2"
| /* end confdefs.h.  */
| extern "C" void exit (int);
| #include <stdlib.h>
| int
| main ()
| {
| exit (42);
|   ;
|   return 0;
| }
configure:4826: /Applications/Xcode.app/Contents/Developer/Toolchains/XcodeDefault.xctoolchain/usr/bin/clang++ -c -g -O2  conftest.cc >&5
In file included from conftest.cc:12:
/Applications/Xcode.app/Contents/Developer/Toolchains/XcodeDefault.xctoolchain/usr/bin/../include/c++/v1/stdlib.h:97:15: fatal error: 'stdlib.h' file not found
#include_next <stdlib.h>
              ^~~~~~~~~~
1 error generated.
configure:4832: $? = 1
configure: failed program was:
| /* confdefs.h.  */
| 
| #define PACKAGE_NAME ""
| #define PACKAGE_TARNAME ""
| #define PACKAGE_VERSION ""
| #define PACKAGE_STRING ""
| #define PACKAGE_BUGREPORT ""
| #define PACKAGE "meanwhile"
| #define VERSION "1.0.2"
| /* end confdefs.h.  */
| void exit (int);
| #include <stdlib.h>
| int
| main ()
| {
| exit (42);
|   ;
|   return 0;
| }
configure:4915: checking dependency style of /Applications/Xcode.app/Contents/Developer/Toolchains/XcodeDefault.xctoolchain/usr/bin/clang++
configure:5005: result: none
configure:5032: checking how to run the C++ preprocessor
configure:5063: /Applications/Xcode.app/Contents/Developer/Toolchains/XcodeDefault.xctoolchain/usr/bin/clang++ -E  conftest.cc
configure:5069: $? = 0
configure:5101: /Applications/Xcode.app/Contents/Developer/Toolchains/XcodeDefault.xctoolchain/usr/bin/clang++ -E  conftest.cc
conftest.cc:14:10: fatal error: 'ac_nonexistent.h' file not found
#include <ac_nonexistent.h>
         ^~~~~~~~~~~~~~~~~~
1 error generated.
configure:5107: $? = 1
configure: failed program was:
| /* confdefs.h.  */
| 
| #define PACKAGE_NAME ""
| #define PACKAGE_TARNAME ""
| #define PACKAGE_VERSION ""
| #define PACKAGE_STRING ""
| #define PACKAGE_BUGREPORT ""
| #define PACKAGE "meanwhile"
| #define VERSION "1.0.2"
| #ifdef __cplusplus
| void exit (int);
| #endif
| /* end confdefs.h.  */
| #include <ac_nonexistent.h>
configure:5146: result: /Applications/Xcode.app/Contents/Developer/Toolchains/XcodeDefault.xctoolchain/usr/bin/clang++ -E
configure:5170: /Applications/Xcode.app/Contents/Developer/Toolchains/XcodeDefault.xctoolchain/usr/bin/clang++ -E  conftest.cc
configure:5176: $? = 0
configure:5208: /Applications/Xcode.app/Contents/Developer/Toolchains/XcodeDefault.xctoolchain/usr/bin/clang++ -E  conftest.cc
conftest.cc:14:10: fatal error: 'ac_nonexistent.h' file not found
#include <ac_nonexistent.h>
         ^~~~~~~~~~~~~~~~~~
1 error generated.
configure:5214: $? = 1
configure: failed program was:
| /* confdefs.h.  */
| 
| #define PACKAGE_NAME ""
| #define PACKAGE_TARNAME ""
| #define PACKAGE_VERSION ""
| #define PACKAGE_STRING ""
| #define PACKAGE_BUGREPORT ""
| #define PACKAGE "meanwhile"
| #define VERSION "1.0.2"
| #ifdef __cplusplus
| void exit (int);
| #endif
| /* end confdefs.h.  */
| #include <ac_nonexistent.h>
configure:5311: checking for g77
configure:5340: result: no
configure:5311: checking for f77
configure:5340: result: no
configure:5311: checking for xlf
configure:5340: result: no
configure:5311: checking for frt
configure:5340: result: no
configure:5311: checking for pgf77
configure:5340: result: no
configure:5311: checking for fort77
configure:5340: result: no
configure:5311: checking for fl32
configure:5340: result: no
configure:5311: checking for af77
configure:5340: result: no
configure:5311: checking for f90
configure:5340: result: no
configure:5311: checking for xlf90
configure:5340: result: no
configure:5311: checking for pgf90
configure:5340: result: no
configure:5311: checking for epcf90
configure:5340: result: no
configure:5311: checking for f95
configure:5340: result: no
configure:5311: checking for fort
configure:5340: result: no
configure:5311: checking for xlf95
configure:5340: result: no
configure:5311: checking for ifc
configure:5340: result: no
configure:5311: checking for efc
configure:5340: result: no
configure:5311: checking for pgf95
configure:5340: result: no
configure:5311: checking for lf95
configure:5340: result: no
configure:5311: checking for gfortran
configure:5340: result: no
configure:5352: checking for Fortran 77 compiler version
configure:5355:  --version </dev/null >&5
/Users/asher/Projects/Source/adium/Dependencies/source/meanwhile/./configure: line 5356: --version: command not found
configure:5358: $? = 127
configure:5360:  -v </dev/null >&5
/Users/asher/Projects/Source/adium/Dependencies/source/meanwhile/./configure: line 5361: -v: command not found
configure:5363: $? = 127
configure:5365:  -V </dev/null >&5
/Users/asher/Projects/Source/adium/Dependencies/source/meanwhile/./configure: line 5366: -V: command not found
configure:5368: $? = 127
configure:5376: checking whether we are using the GNU Fortran 77 compiler
configure:5390:  -c  conftest.F >&5
/Users/asher/Projects/Source/adium/Dependencies/source/meanwhile/./configure: line 5391: -c: command not found
configure:5396: $? = 127
configure: failed program was:
|       program main
| #ifndef __GNUC__
|        choke me
| #endif
| 
|       end
configure:5422: result: no
configure:5428: checking whether  accepts -g
configure:5440:  -c -g conftest.f >&5
/Users/asher/Projects/Source/adium/Dependencies/source/meanwhile/./configure: line 5441: -c: command not found
configure:5446: $? = 127
configure: failed program was:
|       program main
| 
|       end
configure:5471: result: no
configure:5501: checking the maximum length of command line arguments
configure:5593: result: 196608
configure:5604: checking command to parse /usr/bin/nm -B output from /Applications/Xcode.app/Contents/Developer/Toolchains/XcodeDefault.xctoolchain/usr/bin/clang object
configure:5700: /Applications/Xcode.app/Contents/Developer/Toolchains/XcodeDefault.xctoolchain/usr/bin/clang -c -mmacosx-version-min=10.12 -Wl,-syslibroot,/Applications/Xcode.app/Contents/Developer/Platforms/MacOSX.platform/Developer/SDKs/MacOSX.sdk -Wl,-headerpad_max_install_names -I/Users/asher/Projects/Source/adium/Dependencies/build/include -L/Users/asher/Projects/Source/adium/Dependencies/build/lib -arch x86_64 -L/Users/asher/Projects/Source/adium/Dependencies/build/lib  conftest.c >&5
clang: warning: -Wl,-syslibroot,/Applications/Xcode.app/Contents/Developer/Platforms/MacOSX.platform/Developer/SDKs/MacOSX.sdk: 'linker' input unused [-Wunused-command-line-argument]
clang: warning: -Wl,-headerpad_max_install_names: 'linker' input unused [-Wunused-command-line-argument]
clang: warning: argument unused during compilation: '-L/Users/asher/Projects/Source/adium/Dependencies/build/lib' [-Wunused-command-line-argument]
clang: warning: argument unused during compilation: '-L/Users/asher/Projects/Source/adium/Dependencies/build/lib' [-Wunused-command-line-argument]
configure:5703: $? = 0
configure:5707: /usr/bin/nm -B conftest.o \| sed -n -e 's/^.*[ 	]\([BCDEGRST][BCDEGRST]*\)[ 	][ 	]*\([_A-Za-z][_A-Za-z0-9]*\)$/\1 \2 \2/p' \> conftest.nm
configure:5710: $? = 0
cannot find nm_test_var in conftest.nm
configure:5700: /Applications/Xcode.app/Contents/Developer/Toolchains/XcodeDefault.xctoolchain/usr/bin/clang -c -mmacosx-version-min=10.12 -Wl,-syslibroot,/Applications/Xcode.app/Contents/Developer/Platforms/MacOSX.platform/Developer/SDKs/MacOSX.sdk -Wl,-headerpad_max_install_names -I/Users/asher/Projects/Source/adium/Dependencies/build/include -L/Users/asher/Projects/Source/adium/Dependencies/build/lib -arch x86_64 -L/Users/asher/Projects/Source/adium/Dependencies/build/lib  conftest.c >&5
clang: warning: -Wl,-syslibroot,/Applications/Xcode.app/Contents/Developer/Platforms/MacOSX.platform/Developer/SDKs/MacOSX.sdk: 'linker' input unused [-Wunused-command-line-argument]
clang: warning: -Wl,-headerpad_max_install_names: 'linker' input unused [-Wunused-command-line-argument]
clang: warning: argument unused during compilation: '-L/Users/asher/Projects/Source/adium/Dependencies/build/lib' [-Wunused-command-line-argument]
clang: warning: argument unused during compilation: '-L/Users/asher/Projects/Source/adium/Dependencies/build/lib' [-Wunused-command-line-argument]
configure:5703: $? = 0
configure:5707: /usr/bin/nm -B conftest.o \| sed -n -e 's/^.*[ 	]\([BCDEGRST][BCDEGRST]*\)[ 	][ 	]*_\([_A-Za-z][_A-Za-z0-9]*\)$/\1 _\2 \2/p' \> conftest.nm
configure:5710: $? = 0
configure:5762: /Applications/Xcode.app/Contents/Developer/Toolchains/XcodeDefault.xctoolchain/usr/bin/clang -o conftest -mmacosx-version-min=10.12 -Wl,-syslibroot,/Applications/Xcode.app/Contents/Developer/Platforms/MacOSX.platform/Developer/SDKs/MacOSX.sdk -Wl,-headerpad_max_install_names -I/Users/asher/Projects/Source/adium/Dependencies/build/include -L/Users/asher/Projects/Source/adium/Dependencies/build/lib -arch x86_64 -L/Users/asher/Projects/Source/adium/Dependencies/build/lib  -fstack-protector -isysroot /Applications/Xcode.app/Contents/Developer/Platforms/MacOSX.platform/Developer/SDKs/MacOSX.sdk -mmacosx-version-min=10.12 -I/Users/asher/Projects/Source/adium/Dependencies/build/include -L/Users/asher/Projects/Source/adium/Dependencies/build/lib -Os -arch x86_64 -I/Users/asher/Projects/Source/adium/Dependencies/build/include/glib-2.0 -I/Users/asher/Projects/Source/adium/Dependencies/build/lib/glib-2.0/include conftest.c conftstm.o >&5
ld: warning: dylib (/usr/local/lib/libunwind.dylib) was built for newer macOS version (10.15) than being linked (10.12)
ld: warning: dylib (/usr/local/lib/libunwind.dylib) was built for newer macOS version (10.15) than being linked (10.12)
configure:5765: $? = 0
configure:5803: result: ok
configure:5807: checking for objdir
configure:5822: result: .libs
configure:5912: checking for ar
configure:5928: found /usr/bin/ar
configure:5939: result: ar
configure:5992: checking for ranlib
configure:6008: found /usr/bin/ranlib
configure:6019: result: ranlib
configure:6072: checking for strip
configure:6088: found /usr/bin/strip
configure:6099: result: strip
configure:6386: checking if /Applications/Xcode.app/Contents/Developer/Toolchains/XcodeDefault.xctoolchain/usr/bin/clang static flag  works
ld: warning: dylib (/usr/local/lib/libunwind.dylib) was built for newer macOS version (10.15) than being linked (10.12)
ld: warning: dylib (/usr/local/lib/libunwind.dylib) was built for newer macOS version (10.15) than being linked (10.12)
configure:6414: result: yes
configure:6432: checking if /Applications/Xcode.app/Contents/Developer/Toolchains/XcodeDefault.xctoolchain/usr/bin/clang supports -fno-rtti -fno-exceptions
configure:6450: /Applications/Xcode.app/Contents/Developer/Toolchains/XcodeDefault.xctoolchain/usr/bin/clang -c -mmacosx-version-min=10.12 -Wl,-syslibroot,/Applications/Xcode.app/Contents/Developer/Platforms/MacOSX.platform/Developer/SDKs/MacOSX.sdk -Wl,-headerpad_max_install_names -I/Users/asher/Projects/Source/adium/Dependencies/build/include -L/Users/asher/Projects/Source/adium/Dependencies/build/lib -arch x86_64 -L/Users/asher/Projects/Source/adium/Dependencies/build/lib  -fno-rtti -fno-exceptions conftest.c >&5
clang: warning: -Wl,-syslibroot,/Applications/Xcode.app/Contents/Developer/Platforms/MacOSX.platform/Developer/SDKs/MacOSX.sdk: 'linker' input unused [-Wunused-command-line-argument]
clang: warning: -Wl,-headerpad_max_install_names: 'linker' input unused [-Wunused-command-line-argument]
clang: warning: argument unused during compilation: '-L/Users/asher/Projects/Source/adium/Dependencies/build/lib' [-Wunused-command-line-argument]
clang: warning: argument unused during compilation: '-L/Users/asher/Projects/Source/adium/Dependencies/build/lib' [-Wunused-command-line-argument]
configure:6454: $? = 0
configure:6467: result: yes
configure:6482: checking for /Applications/Xcode.app/Contents/Developer/Toolchains/XcodeDefault.xctoolchain/usr/bin/clang option to produce PIC
configure:6686: result: -fno-common
configure:6694: checking if /Applications/Xcode.app/Contents/Developer/Toolchains/XcodeDefault.xctoolchain/usr/bin/clang PIC flag -fno-common works
configure:6712: /Applications/Xcode.app/Contents/Developer/Toolchains/XcodeDefault.xctoolchain/usr/bin/clang -c -mmacosx-version-min=10.12 -Wl,-syslibroot,/Applications/Xcode.app/Contents/Developer/Platforms/MacOSX.platform/Developer/SDKs/MacOSX.sdk -Wl,-headerpad_max_install_names -I/Users/asher/Projects/Source/adium/Dependencies/build/include -L/Users/asher/Projects/Source/adium/Dependencies/build/lib -arch x86_64 -L/Users/asher/Projects/Source/adium/Dependencies/build/lib  -fno-common -DPIC conftest.c >&5
clang: warning: -Wl,-syslibroot,/Applications/Xcode.app/Contents/Developer/Platforms/MacOSX.platform/Developer/SDKs/MacOSX.sdk: 'linker' input unused [-Wunused-command-line-argument]
clang: warning: -Wl,-headerpad_max_install_names: 'linker' input unused [-Wunused-command-line-argument]
clang: warning: argument unused during compilation: '-L/Users/asher/Projects/Source/adium/Dependencies/build/lib' [-Wunused-command-line-argument]
clang: warning: argument unused during compilation: '-L/Users/asher/Projects/Source/adium/Dependencies/build/lib' [-Wunused-command-line-argument]
configure:6716: $? = 0
configure:6729: result: yes
configure:6753: checking if /Applications/Xcode.app/Contents/Developer/Toolchains/XcodeDefault.xctoolchain/usr/bin/clang supports -c -o file.o
configure:6774: /Applications/Xcode.app/Contents/Developer/Toolchains/XcodeDefault.xctoolchain/usr/bin/clang -c -mmacosx-version-min=10.12 -Wl,-syslibroot,/Applications/Xcode.app/Contents/Developer/Platforms/MacOSX.platform/Developer/SDKs/MacOSX.sdk -Wl,-headerpad_max_install_names -I/Users/asher/Projects/Source/adium/Dependencies/build/include -L/Users/asher/Projects/Source/adium/Dependencies/build/lib -arch x86_64 -L/Users/asher/Projects/Source/adium/Dependencies/build/lib  -o out/conftest2.o conftest.c >&5
clang: warning: -Wl,-syslibroot,/Applications/Xcode.app/Contents/Developer/Platforms/MacOSX.platform/Developer/SDKs/MacOSX.sdk: 'linker' input unused [-Wunused-command-line-argument]
clang: warning: -Wl,-headerpad_max_install_names: 'linker' input unused [-Wunused-command-line-argument]
clang: warning: argument unused during compilation: '-L/Users/asher/Projects/Source/adium/Dependencies/build/lib' [-Wunused-command-line-argument]
clang: warning: argument unused during compilation: '-L/Users/asher/Projects/Source/adium/Dependencies/build/lib' [-Wunused-command-line-argument]
configure:6778: $? = 0
configure:6800: result: yes
configure:6826: checking whether the /Applications/Xcode.app/Contents/Developer/Toolchains/XcodeDefault.xctoolchain/usr/bin/clang linker (/Applications/Xcode.app/Contents/Developer/Toolchains/XcodeDefault.xctoolchain/usr/bin/ld) supports shared libraries
configure:7721: result: yes
configure:7792: checking dynamic linker characteristics
configure:8355: result: darwin19.6.0 dyld
configure:8359: checking how to hardcode library paths into programs
configure:8384: result: immediate
configure:8398: checking whether stripping libraries is possible
configure:8411: result: yes
configure:9233: checking if libtool supports shared libraries
configure:9235: result: yes
configure:9238: checking whether to build shared libraries
configure:9259: result: yes
configure:9262: checking whether to build static libraries
configure:9266: result: no
configure:9358: creating libtool
configure:9936: checking for ld used by /Applications/Xcode.app/Contents/Developer/Toolchains/XcodeDefault.xctoolchain/usr/bin/clang++
configure:10003: result: /Applications/Xcode.app/Contents/Developer/Toolchains/XcodeDefault.xctoolchain/usr/bin/ld
configure:10012: checking if the linker (/Applications/Xcode.app/Contents/Developer/Toolchains/XcodeDefault.xctoolchain/usr/bin/ld) is GNU ld
configure:10027: result: no
configure:10078: checking whether the /Applications/Xcode.app/Contents/Developer/Toolchains/XcodeDefault.xctoolchain/usr/bin/clang++ linker (/Applications/Xcode.app/Contents/Developer/Toolchains/XcodeDefault.xctoolchain/usr/bin/ld) supports shared libraries
configure:10965: result: yes
configure:10983: /Applications/Xcode.app/Contents/Developer/Toolchains/XcodeDefault.xctoolchain/usr/bin/clang++ -c -g -O2  conftest.cc >&5
configure:10986: $? = 0
configure:11082: checking for /Applications/Xcode.app/Contents/Developer/Toolchains/XcodeDefault.xctoolchain/usr/bin/clang++ option to produce PIC
configure:11350: result: -fno-common
configure:11358: checking if /Applications/Xcode.app/Contents/Developer/Toolchains/XcodeDefault.xctoolchain/usr/bin/clang++ PIC flag -fno-common works
configure:11376: /Applications/Xcode.app/Contents/Developer/Toolchains/XcodeDefault.xctoolchain/usr/bin/clang++ -c -g -O2  -fno-common -DPIC conftest.cc >&5
configure:11380: $? = 0
configure:11393: result: yes
configure:11417: checking if /Applications/Xcode.app/Contents/Developer/Toolchains/XcodeDefault.xctoolchain/usr/bin/clang++ supports -c -o file.o
configure:11438: /Applications/Xcode.app/Contents/Developer/Toolchains/XcodeDefault.xctoolchain/usr/bin/clang++ -c -g -O2  -o out/conftest2.o conftest.cc >&5
configure:11442: $? = 0
configure:11464: result: yes
configure:11490: checking whether the /Applications/Xcode.app/Contents/Developer/Toolchains/XcodeDefault.xctoolchain/usr/bin/clang++ linker (/Applications/Xcode.app/Contents/Developer/Toolchains/XcodeDefault.xctoolchain/usr/bin/ld) supports shared libraries
configure:11515: result: yes
configure:11586: checking dynamic linker characteristics
configure:12149: result: darwin19.6.0 dyld
configure:12153: checking how to hardcode library paths into programs
configure:12178: result: immediate
configure:12192: checking whether stripping libraries is possible
configure:12205: result: yes
configure:19737: checking for ANSI C header files
configure:19893: result: no
configure:19988: checking for main in -lm
configure:20012: /Applications/Xcode.app/Contents/Developer/Toolchains/XcodeDefault.xctoolchain/usr/bin/clang -o conftest -mmacosx-version-min=10.12 -Wl,-syslibroot,/Applications/Xcode.app/Contents/Developer/Platforms/MacOSX.platform/Developer/SDKs/MacOSX.sdk -Wl,-headerpad_max_install_names -I/Users/asher/Projects/Source/adium/Dependencies/build/include -L/Users/asher/Projects/Source/adium/Dependencies/build/lib -arch x86_64 -L/Users/asher/Projects/Source/adium/Dependencies/build/lib  -fstack-protector -isysroot /Applications/Xcode.app/Contents/Developer/Platforms/MacOSX.platform/Developer/SDKs/MacOSX.sdk -mmacosx-version-min=10.12 -I/Users/asher/Projects/Source/adium/Dependencies/build/include -L/Users/asher/Projects/Source/adium/Dependencies/build/lib -Os -arch x86_64 -I/Users/asher/Projects/Source/adium/Dependencies/build/include/glib-2.0 -I/Users/asher/Projects/Source/adium/Dependencies/build/lib/glib-2.0/include conftest.c -lm   >&5
ld: warning: dylib (/usr/local/lib/libunwind.dylib) was built for newer macOS version (10.15) than being linked (10.12)
ld: warning: dylib (/usr/local/lib/libunwind.dylib) was built for newer macOS version (10.15) than being linked (10.12)
ld: warning: dylib (/usr/local/lib/libunwind.dylib) was built for newer macOS version (10.15) than being linked (10.12)
ld: warning: dylib (/usr/local/lib/libunwind.dylib) was built for newer macOS version (10.15) than being linked (10.12)
configure:20018: $? = 0
configure:20022: test -z 
			 || test ! -s conftest.err
configure:20025: $? = 0
configure:20028: test -s conftest
configure:20031: $? = 0
configure:20044: result: yes
configure:20060: checking math.h usability
configure:20072: /Applications/Xcode.app/Contents/Developer/Toolchains/XcodeDefault.xctoolchain/usr/bin/clang -c -mmacosx-version-min=10.12 -Wl,-syslibroot,/Applications/Xcode.app/Contents/Developer/Platforms/MacOSX.platform/Developer/SDKs/MacOSX.sdk -Wl,-headerpad_max_install_names -I/Users/asher/Projects/Source/adium/Dependencies/build/include -L/Users/asher/Projects/Source/adium/Dependencies/build/lib -arch x86_64 -L/Users/asher/Projects/Source/adium/Dependencies/build/lib  conftest.c >&5
clang: warning: -Wl,-syslibroot,/Applications/Xcode.app/Contents/Developer/Platforms/MacOSX.platform/Developer/SDKs/MacOSX.sdk: 'linker' input unused [-Wunused-command-line-argument]
clang: warning: -Wl,-headerpad_max_install_names: 'linker' input unused [-Wunused-command-line-argument]
clang: warning: argument unused during compilation: '-L/Users/asher/Projects/Source/adium/Dependencies/build/lib' [-Wunused-command-line-argument]
clang: warning: argument unused during compilation: '-L/Users/asher/Projects/Source/adium/Dependencies/build/lib' [-Wunused-command-line-argument]
conftest.c:14:10: fatal error: 'stdio.h' file not found
#include <stdio.h>
         ^~~~~~~~~
1 error generated.
configure:20078: $? = 1
configure: failed program was:
| /* confdefs.h.  */
| 
| #define PACKAGE_NAME ""
| #define PACKAGE_TARNAME ""
| #define PACKAGE_VERSION ""
| #define PACKAGE_STRING ""
| #define PACKAGE_BUGREPORT ""
| #define PACKAGE "meanwhile"
| #define VERSION "1.0.2"
| #ifdef __cplusplus
| void exit (int);
| #endif
| /* end confdefs.h.  */
| #include <stdio.h>
| #if HAVE_SYS_TYPES_H
| # include <sys/types.h>
| #endif
| #if HAVE_SYS_STAT_H
| # include <sys/stat.h>
| #endif
| #if STDC_HEADERS
| # include <stdlib.h>
| # include <stddef.h>
| #else
| # if HAVE_STDLIB_H
| #  include <stdlib.h>
| # endif
| #endif
| #if HAVE_STRING_H
| # if !STDC_HEADERS && HAVE_MEMORY_H
| #  include <memory.h>
| # endif
| # include <string.h>
| #endif
| #if HAVE_STRINGS_H
| # include <strings.h>
| #endif
| #if HAVE_INTTYPES_H
| # include <inttypes.h>
| #else
| # if HAVE_STDINT_H
| #  include <stdint.h>
| # endif
| #endif
| #if HAVE_UNISTD_H
| # include <unistd.h>
| #endif
| #include <math.h>
configure:20101: result: no
configure:20105: checking math.h presence
configure:20115: /Applications/Xcode.app/Contents/Developer/Toolchains/XcodeDefault.xctoolchain/usr/bin/clang -E  conftest.c
conftest.c:14:10: fatal error: 'math.h' file not found
#include <math.h>
         ^~~~~~~~
1 error generated.
configure:20121: $? = 1
configure: failed program was:
| /* confdefs.h.  */
| 
| #define PACKAGE_NAME ""
| #define PACKAGE_TARNAME ""
| #define PACKAGE_VERSION ""
| #define PACKAGE_STRING ""
| #define PACKAGE_BUGREPORT ""
| #define PACKAGE "meanwhile"
| #define VERSION "1.0.2"
| #ifdef __cplusplus
| void exit (int);
| #endif
| /* end confdefs.h.  */
| #include <math.h>
configure:20141: result: no
configure:20176: checking for math.h
configure:20183: result: no
configure:20242: checking for pkg-config
configure:20260: found /usr/local/bin/pkg-config
configure:20272: result: /usr/local/bin/pkg-config
configure:20287: checking pkg-config is at least version 0.9.0
configure:20290: result: yes
configure:20301: checking for GLIB
configure:20309: $PKG_CONFIG --exists --print-errors "glib-2.0 >= 2.0.0"
configure:20312: $? = 0
configure:20327: $PKG_CONFIG --exists --print-errors "glib-2.0 >= 2.0.0"
configure:20330: $? = 0
configure:20406: result: yes
configure:20591: creating ./config.status

## ---------------------- ##
## Running config.status. ##
## ---------------------- ##

This file was extended by config.status, which was
generated by GNU Autoconf 2.59.  Invocation command line was

  CONFIG_FILES    = 
  CONFIG_HEADERS  = 
  CONFIG_LINKS    = 
  CONFIG_COMMANDS = 
  $ ./config.status 

on Zero.local

config.status:730: creating Makefile
config.status:730: creating src/Makefile
config.status:730: creating src/mpi/Makefile
config.status:730: creating samples/Makefile
config.status:730: creating doc/Makefile
config.status:730: creating doc/Doxyfile
config.status:730: creating meanwhile.spec
config.status:730: creating meanwhile.pc
config.status:730: creating samples/build
config.status:910: executing depfiles commands

## ---------------- ##
## Cache variables. ##
## ---------------- ##

ac_cv_build=i686-apple-darwin19.6.0
ac_cv_build_alias=i686-apple-darwin19.6.0
ac_cv_c_compiler_gnu=yes
ac_cv_cxx_compiler_gnu=yes
ac_cv_env_CC_set=set
ac_cv_env_CC_value=/Applications/Xcode.app/Contents/Developer/Toolchains/XcodeDefault.xctoolchain/usr/bin/clang
ac_cv_env_CFLAGS_set=set
ac_cv_env_CFLAGS_value='-mmacosx-version-min=10.12 -Wl,-syslibroot,/Applications/Xcode.app/Contents/Developer/Platforms/MacOSX.platform/Developer/SDKs/MacOSX.sdk -Wl,-headerpad_max_install_names -I/Users/asher/Projects/Source/adium/Dependencies/build/include -L/Users/asher/Projects/Source/adium/Dependencies/build/lib -arch x86_64 -L/Users/asher/Projects/Source/adium/Dependencies/build/lib'
ac_cv_env_CPPFLAGS_set=
ac_cv_env_CPPFLAGS_value=
ac_cv_env_CPP_set=
ac_cv_env_CPP_value=
ac_cv_env_CXXCPP_set=
ac_cv_env_CXXCPP_value=
ac_cv_env_CXXFLAGS_set=
ac_cv_env_CXXFLAGS_value=
ac_cv_env_CXX_set=set
ac_cv_env_CXX_value=/Applications/Xcode.app/Contents/Developer/Toolchains/XcodeDefault.xctoolchain/usr/bin/clang++
ac_cv_env_F77_set=
ac_cv_env_F77_value=
ac_cv_env_FFLAGS_set=
ac_cv_env_FFLAGS_value=
ac_cv_env_GLIB_CFLAGS_set=
ac_cv_env_GLIB_CFLAGS_value=
ac_cv_env_GLIB_LIBS_set=
ac_cv_env_GLIB_LIBS_value=
ac_cv_env_LDFLAGS_set=set
ac_cv_env_LDFLAGS_value='-fstack-protector -isysroot /Applications/Xcode.app/Contents/Developer/Platforms/MacOSX.platform/Developer/SDKs/MacOSX.sdk -mmacosx-version-min=10.12 -I/Users/asher/Projects/Source/adium/Dependencies/build/include -L/Users/asher/Projects/Source/adium/Dependencies/build/lib -Os -arch x86_64 -I/Users/asher/Projects/Source/adium/Dependencies/build/include/glib-2.0 -I/Users/asher/Projects/Source/adium/Dependencies/build/lib/glib-2.0/include'
ac_cv_env_PKG_CONFIG_set=
ac_cv_env_PKG_CONFIG_value=
ac_cv_env_build_alias_set=
ac_cv_env_build_alias_value=
ac_cv_env_host_alias_set=
ac_cv_env_host_alias_value=
ac_cv_env_target_alias_set=
ac_cv_env_target_alias_value=
ac_cv_exeext=
ac_cv_f77_compiler_gnu=no
ac_cv_header_dlfcn_h=no
ac_cv_header_inttypes_h=no
ac_cv_header_math_h=no
ac_cv_header_memory_h=no
ac_cv_header_stdc=no
ac_cv_header_stdint_h=no
ac_cv_header_stdlib_h=no
ac_cv_header_string_h=no
ac_cv_header_strings_h=no
ac_cv_header_sys_stat_h=no
ac_cv_header_sys_types_h=no
ac_cv_header_unistd_h=no
ac_cv_host=i686-apple-darwin19.6.0
ac_cv_host_alias=i686-apple-darwin19.6.0
ac_cv_lib_m_main=yes
ac_cv_objext=o
ac_cv_path_ac_pt_PKG_CONFIG=/usr/local/bin/pkg-config
ac_cv_path_install='/usr/bin/install -c'
ac_cv_prog_AWK=awk
ac_cv_prog_CPP='/Applications/Xcode.app/Contents/Developer/Toolchains/XcodeDefault.xctoolchain/usr/bin/clang -E'
ac_cv_prog_CXXCPP='/Applications/Xcode.app/Contents/Developer/Toolchains/XcodeDefault.xctoolchain/usr/bin/clang++ -E'
ac_cv_prog_ac_ct_AR=ar
ac_cv_prog_ac_ct_CC=/Applications/Xcode.app/Contents/Developer/Toolchains/XcodeDefault.xctoolchain/usr/bin/clang
ac_cv_prog_ac_ct_RANLIB=ranlib
ac_cv_prog_ac_ct_STRIP=strip
ac_cv_prog_cc_g=yes
ac_cv_prog_cc_stdc=no
ac_cv_prog_cxx_g=yes
ac_cv_prog_egrep='grep -E'
ac_cv_prog_f77_g=no
ac_cv_prog_make_make_set=yes
am_cv_CC_dependencies_compiler_type=none
am_cv_CXX_dependencies_compiler_type=none
lt_cv_deplibs_check_method=pass_all
lt_cv_file_magic_cmd='$MAGIC_CMD'
lt_cv_file_magic_test_file=
lt_cv_ld_reload_flag=-r
lt_cv_objdir=.libs
lt_cv_path_LD=/Applications/Xcode.app/Contents/Developer/Toolchains/XcodeDefault.xctoolchain/usr/bin/ld
lt_cv_path_LDCXX=/Applications/Xcode.app/Contents/Developer/Toolchains/XcodeDefault.xctoolchain/usr/bin/ld
lt_cv_path_NM='/usr/bin/nm -B'
lt_cv_path_SED=/usr/bin/sed
lt_cv_prog_compiler_c_o=yes
lt_cv_prog_compiler_c_o_CXX=yes
lt_cv_prog_compiler_rtti_exceptions=yes
lt_cv_prog_gnu_ld=no
lt_cv_prog_gnu_ldcxx=no
lt_cv_sys_global_symbol_pipe='sed -n -e '\''s/^.*[ 	]\([BCDEGRST][BCDEGRST]*\)[ 	][ 	]*_\([_A-Za-z][_A-Za-z0-9]*\)$/\1 _\2 \2/p'\'''
lt_cv_sys_global_symbol_to_c_name_address='sed -n -e '\''s/^: \([^ ]*\) $/  {\"\1\", (lt_ptr) 0},/p'\'' -e '\''s/^[BCDEGRST] \([^ ]*\) \([^ ]*\)$/  {"\2", (lt_ptr) \&\2},/p'\'''
lt_cv_sys_global_symbol_to_cdecl='sed -n -e '\''s/^. .* \(.*\)$/extern int \1;/p'\'''
lt_cv_sys_max_cmd_len=196608
lt_lt_cv_prog_compiler_c_o='"yes"'
lt_lt_cv_prog_compiler_c_o_CXX='"yes"'
lt_lt_cv_sys_global_symbol_pipe='"sed -n -e '\''s/^.*[ 	]\\([BCDEGRST][BCDEGRST]*\\)[ 	][ 	]*_\\([_A-Za-z][_A-Za-z0-9]*\\)\$/\\1 _\\2 \\2/p'\''"'
lt_lt_cv_sys_global_symbol_to_c_name_address='"sed -n -e '\''s/^: \\([^ ]*\\) \$/  {\\\"\\1\\\", (lt_ptr) 0},/p'\'' -e '\''s/^[BCDEGRST] \\([^ ]*\\) \\([^ ]*\\)\$/  {\"\\2\", (lt_ptr) \\&\\2},/p'\''"'
lt_lt_cv_sys_global_symbol_to_cdecl='"sed -n -e '\''s/^. .* \\(.*\\)\$/extern int \\1;/p'\''"'
pkg_cv_GLIB_CFLAGS='-I/usr/local/Cellar/glib/2.66.7/include/glib-2.0 -I/usr/local/Cellar/glib/2.66.7/lib/glib-2.0/include -I/usr/local/opt/gettext/include -I/usr/local/Cellar/pcre/8.44/include'
pkg_cv_GLIB_LIBS='-L/usr/local/Cellar/glib/2.66.7/lib -L/usr/local/opt/gettext/lib -lglib-2.0 -lintl'

## ----------------- ##
## Output variables. ##
## ----------------- ##

ACLOCAL='${SHELL} /Users/asher/Projects/Source/adium/Dependencies/source/meanwhile/missing --run aclocal-1.9'
AMDEPBACKSLASH=''
AMDEP_FALSE=''
AMDEP_TRUE='#'
AMTAR='${SHELL} /Users/asher/Projects/Source/adium/Dependencies/source/meanwhile/missing --run tar'
AR='ar'
AUTOCONF='${SHELL} /Users/asher/Projects/Source/adium/Dependencies/source/meanwhile/missing --run autoconf'
AUTOHEADER='${SHELL} /Users/asher/Projects/Source/adium/Dependencies/source/meanwhile/missing --run autoheader'
AUTOMAKE='${SHELL} /Users/asher/Projects/Source/adium/Dependencies/source/meanwhile/missing --run automake-1.9'
AWK='awk'
CC='/Applications/Xcode.app/Contents/Developer/Toolchains/XcodeDefault.xctoolchain/usr/bin/clang'
CCDEPMODE='depmode=none'
CFLAGS='-mmacosx-version-min=10.12 -Wl,-syslibroot,/Applications/Xcode.app/Contents/Developer/Platforms/MacOSX.platform/Developer/SDKs/MacOSX.sdk -Wl,-headerpad_max_install_names -I/Users/asher/Projects/Source/adium/Dependencies/build/include -L/Users/asher/Projects/Source/adium/Dependencies/build/lib -arch x86_64 -L/Users/asher/Projects/Source/adium/Dependencies/build/lib'
CPP='/Applications/Xcode.app/Contents/Developer/Toolchains/XcodeDefault.xctoolchain/usr/bin/clang -E'
CPPFLAGS=''
CXX='/Applications/Xcode.app/Contents/Developer/Toolchains/XcodeDefault.xctoolchain/usr/bin/clang++'
CXXCPP='/Applications/Xcode.app/Contents/Developer/Toolchains/XcodeDefault.xctoolchain/usr/bin/clang++ -E'
CXXDEPMODE='depmode=none'
CXXFLAGS='-g -O2'
CYGPATH_W='echo'
DEFS='-DPACKAGE_NAME=\"\" -DPACKAGE_TARNAME=\"\" -DPACKAGE_VERSION=\"\" -DPACKAGE_STRING=\"\" -DPACKAGE_BUGREPORT=\"\" -DPACKAGE=\"meanwhile\" -DVERSION=\"1.0.2\" -DHAVE_GLIB=1 '
DEPDIR='.deps'
ECHO='/bin/echo'
ECHO_C='ECHO_N=''
ECHO_T=''
EGREP='grep -E'
ENABLE_DOXYGEN_FALSE=''
ENABLE_DOXYGEN_TRUE='#'
EXEEXT=''
F77=''
FFLAGS=''
GLIB_CFLAGS='-I/usr/local/Cellar/glib/2.66.7/include/glib-2.0 -I/usr/local/Cellar/glib/2.66.7/lib/glib-2.0/include -I/usr/local/opt/gettext/include -I/usr/local/Cellar/pcre/8.44/include'
GLIB_LIBS='-L/usr/local/Cellar/glib/2.66.7/lib -L/usr/local/opt/gettext/lib -lglib-2.0 -lintl'
GLIB_VERSION='2.0.0'
INSTALL_DATA='${INSTALL} -m 644'
INSTALL_PROGRAM='${INSTALL}'
INSTALL_SCRIPT='${INSTALL}'
INSTALL_STRIP_PROGRAM='${SHELL} $(install_sh) -c -s'
LDFLAGS='-fstack-protector -isysroot /Applications/Xcode.app/Contents/Developer/Platforms/MacOSX.platform/Developer/SDKs/MacOSX.sdk -mmacosx-version-min=10.12 -I/Users/asher/Projects/Source/adium/Dependencies/build/include -L/Users/asher/Projects/Source/adium/Dependencies/build/lib -Os -arch x86_64 -I/Users/asher/Projects/Source/adium/Dependencies/build/include/glib-2.0 -I/Users/asher/Projects/Source/adium/Dependencies/build/lib/glib-2.0/include'
LIBM='-lm'
LIBOBJS=''
LIBS=''
LIBTOOL='$(SHELL) $(top_builddir)/libtool --silent'
LN_S='ln -s'
LTLIBOBJS=''
MAINT='#'
MAINTAINER_MODE_FALSE=''
MAINTAINER_MODE_TRUE='#'
MAKEINFO='${SHELL} /Users/asher/Projects/Source/adium/Dependencies/source/meanwhile/missing --run makeinfo'
MW_MAILME='0'
MW_SO_OS_FLAGS='-shared'
MW_SO_VERSION='1:2:0'
OBJEXT='o'
PACKAGE='meanwhile'
PACKAGE_BUGREPORT=''
PACKAGE_NAME=''
PACKAGE_STRING=''
PACKAGE_TARNAME=''
PACKAGE_VERSION=''
PATH_SEPARATOR=':'
PKG_CONFIG='/usr/local/bin/pkg-config'
RANLIB='ranlib'
RELEASE='1'
SET_MAKE=''
SHELL='/bin/sh'
STRIP='strip'
VERSION='1.0.2'
WITH_DOC_SUBPACKAGE=''
ac_ct_AR='ar'
ac_ct_CC='/Applications/Xcode.app/Contents/Developer/Toolchains/XcodeDefault.xctoolchain/usr/bin/clang'
ac_ct_CXX=''
ac_ct_F77=''
ac_ct_RANLIB='ranlib'
ac_ct_STRIP='strip'
ac_pt_PKG_CONFIG='/usr/local/bin/pkg-config'
am__fastdepCC_FALSE=''
am__fastdepCC_TRUE='#'
am__fastdepCXX_FALSE=''
am__fastdepCXX_TRUE='#'
am__include='include'
am__leading_dot='.'
am__quote=''
am__tar='${AMTAR} chof - "$$tardir"'
am__untar='${AMTAR} xf -'
bindir='${exec_prefix}/bin'
build='i686-apple-darwin19.6.0'
build_alias=''
build_cpu='i686'
build_os='darwin19.6.0'
build_vendor='apple'
datadir='${prefix}/share'
exec_prefix='${prefix}'
host='i686-apple-darwin19.6.0'
host_alias=''
host_cpu='i686'
host_os='darwin19.6.0'
host_vendor='apple'
includedir='${prefix}/include'
infodir='${prefix}/info'
install_sh='/Users/asher/Projects/Source/adium/Dependencies/source/meanwhile/install-sh'
libdir='${exec_prefix}/lib'
libexecdir='${exec_prefix}/libexec'
localstatedir='${prefix}/var'
mandir='${prefix}/man'
mkdir_p='$(install_sh) -d'
oldincludedir='/usr/include'
prefix='/Users/asher/Projects/Source/adium/Dependencies/build'
program_transform_name='s,x,x,'
sbindir='${exec_prefix}/sbin'
sharedstatedir='${prefix}/com'
sysconfdir='${prefix}/etc'
target_alias=''

## ----------- ##
## confdefs.h. ##
## ----------- ##

#define HAVE_GLIB 1
#define PACKAGE "meanwhile"
#define PACKAGE_BUGREPORT ""
#define PACKAGE_NAME ""
#define PACKAGE_STRING ""
#define PACKAGE_TARNAME ""
#define PACKAGE_VERSION ""
#define VERSION "1.0.2"
#endif
#ifdef __cplusplus
void exit (int);

configure: exit 0
